#
# A fatal error has been detected by the Java Runtime Environment:
#
#  SIGBUS (0xa) at pc=0x000000010d7e2a09, pid=43662, tid=0x000000000000780f
#
# JRE version: Java(TM) SE Runtime Environment (8.0_271-b09) (build 1.8.0_271-b09)
# Java VM: Java HotSpot(TM) 64-Bit Server VM (25.271-b09 mixed mode bsd-amd64 compressed oops)
# Problematic frame:
# C  [libzip.dylib+0x3a09]  newEntry+0x5d
#
# Failed to write core dump. Core dumps have been disabled. To enable core dumping, try "ulimit -c unlimited" before starting Java again
#
# If you would like to submit a bug report, please visit:
#   http://bugreport.java.com/bugreport/crash.jsp
# The crash happened outside the Java Virtual Machine in native code.
# See problematic frame for where to report the bug.
#

---------------  T H R E A D  ---------------

Current thread (0x00007ffb2fc05800):  JavaThread "restartedMain" [_thread_in_native, id=30735, stack(0x000070000d432000,0x000070000d532000)]

siginfo: si_signo: 10 (SIGBUS), si_code: 2 (BUS_ADRERR), si_addr: 0x000000010d7ff5f3

Registers:
RAX=0x0000000000000000, RBX=0x0000000000000000, RCX=0x0000000000000000, RDX=0x0000000000000002
RSP=0x000070000d52f770, RBP=0x000070000d52f810, RSI=0x0000000000000005, RDI=0x000000010d735080
R8 =0x0000000000000001, R9 =0x000000000000000a, R10=0x000070000d52f890, R11=0x00006ff89c860548
R12=0x00007ffb2f031820, R13=0x00007ffb2f10b530, R14=0x00007ffb2f10b8d0, R15=0x000000010d7ff5d7
RIP=0x000000010d7e2a09, EFLAGS=0x0000000000010206, ERR=0x0000000000000004
  TRAPNO=0x000000000000000e

Top of Stack: (sp=0x000070000d52f770)
0x000070000d52f770:   000070000d52f790 000000010fb460d6
0x000070000d52f780:   00000000ffffffff 00000000bd0080ae
0x000070000d52f790:   000070000d52f820 000000011778f7a7
0x000070000d52f7a0:   000070000d52f7c0 000000011778f7a7
0x000070000d52f7b0:   00000006c02c8da8 0000000070ccf0b0
0x000070000d52f7c0:   000070000d52f7f0 000000010fc6c8d3
0x000070000d52f7d0:   000000010ff4c898 00007ffb2f10b530
0x000070000d52f7e0:   000000000000000a 000000009abdf3a1
0x000070000d52f7f0:   000000000000000a 00007ffb1dd20b60
0x000070000d52f800:   00007ffb2f10b6c0 0000000000000210
0x000070000d52f810:   000070000d52f870 000000010d7e28ad
0x000070000d52f820:   000070000d52f840 000070000d52f890
0x000070000d52f830:   000000000000000b 000000010d52f890
0x000070000d52f840:   00007ffb2f10b530 000000000000000a
0x000070000d52f850:   000070000d52fce8 00007ffb2fc059f8
0x000070000d52f860:   000070000d52f890 00007ffb2f10b530
0x000070000d52f870:   000070000d52fcd0 000000010d7e125a
0x000070000d52f880:   00007ffb3aaf0240 000000013a960380
0x000070000d52f890:   782e326a34676f6c 00007ffb00006c6d
0x000070000d52f8a0:   00007ffb3a90c2a0 0000000111f793d8
0x000070000d52f8b0:   0000000770ccf0b0 000070000d52fdb0
0x000070000d52f8c0:   0000000117a7eccc 0000000000000000
0x000070000d52f8d0:   000070000d52fc28 00000001177d5ba0
0x000070000d52f8e0:   000000011778f71f 000070000d52fde0
0x000070000d52f8f0:   0000000117a7eccc 0000000111f793d8
0x000070000d52f900:   00007ffb2fc05800 0000000111f793d8
0x000070000d52f910:   00007ffb2fc05800 0000000111f793d8
0x000070000d52f920:   00007ffb2fc05800 0000000111f793d8
0x000070000d52f930:   00007ffb3aaf0240 0000000c11f793d8
0x000070000d52f940:   000000010fdcc9fd 0000000000000008
0x000070000d52f950:   000070000d52fa48 000070000d52fc28
0x000070000d52f960:   000000000000deab 000000000000000e 

Instructions: (pc=0x000000010d7e2a09)
0x000000010d7e29e9:   24 28 41 80 7d 30 00 89 5d ac 0f 84 e7 00 00 00
0x000000010d7e29f9:   4d 8b 7d 18 4d 03 7e 08 4d 2b 7d 28 4c 89 6d c8
0x000000010d7e2a09:   41 0f b6 47 1c 41 0f b6 77 1d c1 e6 08 09 c6 41
0x000000010d7e2a19:   0f b6 47 1e 89 45 b8 41 0f b6 47 1f 89 45 b0 41 

Register to memory mapping:

RAX=0x0000000000000000 is an unknown value
RBX=0x0000000000000000 is an unknown value
RCX=0x0000000000000000 is an unknown value
RDX=0x0000000000000002 is an unknown value
RSP=0x000070000d52f770 is pointing into the stack for thread: 0x00007ffb2fc05800
RBP=0x000070000d52f810 is pointing into the stack for thread: 0x00007ffb2fc05800
RSI=0x0000000000000005 is an unknown value
RDI=0x000000010d735080 is an unknown value
R8 =0x0000000000000001 is an unknown value
R9 =0x000000000000000a is an unknown value
R10=0x000070000d52f890 is pointing into the stack for thread: 0x00007ffb2fc05800
R11=0x00006ff89c860548 is an unknown value
R12=0x00007ffb2f031820 is an unknown value
R13=0x00007ffb2f10b530 is an unknown value
R14=0x00007ffb2f10b8d0 is an unknown value
R15=0x000000010d7ff5d7 is an unknown value


Stack: [0x000070000d432000,0x000070000d532000],  sp=0x000070000d52f770,  free space=1013k
Native frames: (J=compiled Java code, j=interpreted, Vv=VM code, C=native code)
C  [libzip.dylib+0x3a09]  newEntry+0x5d
C  [libzip.dylib+0x38ad]  ZIP_GetEntry2+0x123
C  [libzip.dylib+0x225a]  Java_java_util_zip_ZipFile_getEntry+0x96
J 127  java.util.zip.ZipFile.getEntry(J[BZ)J (0 bytes) @ 0x0000000117a7d20e [0x0000000117a7d140+0xce]
J 1569 C2 java.util.jar.JarFile.getEntry(Ljava/lang/String;)Ljava/util/zip/ZipEntry; (22 bytes) @ 0x0000000117e4a0f8 [0x0000000117e49d80+0x378]
J 1136 C2 sun.misc.URLClassPath$JarLoader.getResource(Ljava/lang/String;Z)Lsun/misc/Resource; (85 bytes) @ 0x0000000117d19164 [0x0000000117d190e0+0x84]
J 3132 C2 sun.misc.URLClassPath.findResource(Ljava/lang/String;Z)Ljava/net/URL; (47 bytes) @ 0x00000001183e31d4 [0x00000001183e2d40+0x494]
J 2068 C1 java.net.URLClassLoader$2.run()Ljava/lang/Object; (5 bytes) @ 0x0000000117faea54 [0x0000000117fae940+0x114]
v  ~StubRoutines::call_stub
V  [libjvm.dylib+0x2d4795]  JavaCalls::call_helper(JavaValue*, methodHandle*, JavaCallArguments*, Thread*)+0x771
V  [libjvm.dylib+0x338512]  JVM_DoPrivileged+0x69c
J 837  java.security.AccessController.doPrivileged(Ljava/security/PrivilegedAction;Ljava/security/AccessControlContext;)Ljava/lang/Object; (0 bytes) @ 0x0000000117c40055 [0x0000000117c3ff80+0xd5]
J 2066 C1 java.net.URLClassLoader.findResource(Ljava/lang/String;)Ljava/net/URL; (37 bytes) @ 0x0000000117fac914 [0x0000000117fac780+0x194]
J 2164 C1 java.lang.ClassLoader.getResource(Ljava/lang/String;)Ljava/net/URL; (36 bytes) @ 0x000000011800aca4 [0x000000011800a7e0+0x4c4]
J 3230 C1 org.springframework.boot.devtools.restart.classloader.RestartClassLoader.getResource(Ljava/lang/String;)Ljava/net/URL; (48 bytes) @ 0x000000011840e69c [0x000000011840dbe0+0xabc]
J 6271 C1 org.springframework.core.io.ClassPathResource.resolveURL()Ljava/net/URL; (46 bytes) @ 0x0000000118668f4c [0x0000000118668460+0xaec]
j  org.springframework.core.io.ClassPathResource.exists()Z+1
j  org.springframework.boot.logging.AbstractLoggingSystem.findConfig([Ljava/lang/String;)Ljava/lang/String;+37
j  org.springframework.boot.logging.AbstractLoggingSystem.getSelfInitializationConfig()Ljava/lang/String;+5
j  org.springframework.boot.logging.AbstractLoggingSystem.initializeWithConventions(Lorg/springframework/boot/logging/LoggingInitializationContext;Lorg/springframework/boot/logging/LogFile;)V+1
j  org.springframework.boot.logging.AbstractLoggingSystem.initialize(Lorg/springframework/boot/logging/LoggingInitializationContext;Ljava/lang/String;Lorg/springframework/boot/logging/LogFile;)V+18
j  org.springframework.boot.logging.log4j2.Log4J2LoggingSystem.initialize(Lorg/springframework/boot/logging/LoggingInitializationContext;Ljava/lang/String;Lorg/springframework/boot/logging/LogFile;)V+33
j  org.springframework.boot.context.logging.LoggingApplicationListener.initializeSystem(Lorg/springframework/core/env/ConfigurableEnvironment;Lorg/springframework/boot/logging/LoggingSystem;Lorg/springframework/boot/logging/LogFile;)V+34
j  org.springframework.boot.context.logging.LoggingApplicationListener.initialize(Lorg/springframework/core/env/ConfigurableEnvironment;Ljava/lang/ClassLoader;)V+36
j  org.springframework.boot.context.logging.LoggingApplicationListener.onApplicationEnvironmentPreparedEvent(Lorg/springframework/boot/context/event/ApplicationEnvironmentPreparedEvent;)V+33
j  org.springframework.boot.context.logging.LoggingApplicationListener.onApplicationEvent(Lorg/springframework/context/ApplicationEvent;)V+30
J 8619 C1 org.springframework.context.event.SimpleApplicationEventMulticaster.doInvokeListener(Lorg/springframework/context/ApplicationListener;Lorg/springframework/context/ApplicationEvent;)V (90 bytes) @ 0x000000011915383c [0x0000000119153720+0x11c]
J 8620 C1 org.springframework.context.event.SimpleApplicationEventMulticaster.invokeListener(Lorg/springframework/context/ApplicationListener;Lorg/springframework/context/ApplicationEvent;)V (38 bytes) @ 0x000000011915313c [0x0000000119153020+0x11c]
J 9671 C1 org.springframework.context.event.SimpleApplicationEventMulticaster.multicastEvent(Lorg/springframework/context/ApplicationEvent;Lorg/springframework/core/ResolvableType;)V (90 bytes) @ 0x000000011942435c [0x0000000119423ca0+0x6bc]
j  org.springframework.context.event.SimpleApplicationEventMulticaster.multicastEvent(Lorg/springframework/context/ApplicationEvent;)V+7
j  org.springframework.boot.context.event.EventPublishingRunListener.environmentPrepared(Lorg/springframework/core/env/ConfigurableEnvironment;)V+20
j  org.springframework.boot.SpringApplicationRunListeners.environmentPrepared(Lorg/springframework/core/env/ConfigurableEnvironment;)V+31
j  org.springframework.boot.SpringApplication.prepareEnvironment(Lorg/springframework/boot/SpringApplicationRunListeners;Lorg/springframework/boot/ApplicationArguments;)Lorg/springframework/core/env/ConfigurableEnvironment;+18
j  org.springframework.boot.SpringApplication.run([Ljava/lang/String;)Lorg/springframework/context/ConfigurableApplicationContext;+54
j  net.corda.samples.client.Starter.main([Ljava/lang/String;)V+33
v  ~StubRoutines::call_stub
V  [libjvm.dylib+0x2d4795]  JavaCalls::call_helper(JavaValue*, methodHandle*, JavaCallArguments*, Thread*)+0x771
V  [libjvm.dylib+0x4da0e7]  Reflection::invoke(instanceKlassHandle, methodHandle, Handle, bool, objArrayHandle, BasicType, objArrayHandle, bool, Thread*)+0x75b
V  [libjvm.dylib+0x4dadb6]  Reflection::invoke_method(oopDesc*, Handle, objArrayHandle, Thread*)+0x186
V  [libjvm.dylib+0x3463bd]  JVM_InvokeMethod+0x211
J 2719  sun.reflect.NativeMethodAccessorImpl.invoke0(Ljava/lang/reflect/Method;Ljava/lang/Object;[Ljava/lang/Object;)Ljava/lang/Object; (0 bytes) @ 0x00000001181a4c2d [0x00000001181a4b40+0xed]
J 2718 C1 sun.reflect.NativeMethodAccessorImpl.invoke(Ljava/lang/Object;[Ljava/lang/Object;)Ljava/lang/Object; (104 bytes) @ 0x00000001181c6f1c [0x00000001181c5d40+0x11dc]
J 9667 C2 java.lang.reflect.Method.invoke(Ljava/lang/Object;[Ljava/lang/Object;)Ljava/lang/Object; (62 bytes) @ 0x0000000119426714 [0x0000000119426660+0xb4]
j  org.springframework.boot.devtools.restart.RestartLauncher.run()V+41
v  ~StubRoutines::call_stub
V  [libjvm.dylib+0x2d4795]  JavaCalls::call_helper(JavaValue*, methodHandle*, JavaCallArguments*, Thread*)+0x771
V  [libjvm.dylib+0x2d3460]  JavaCalls::call_virtual(JavaValue*, KlassHandle, Symbol*, Symbol*, JavaCallArguments*, Thread*)+0x14a
V  [libjvm.dylib+0x2d367b]  JavaCalls::call_virtual(JavaValue*, Handle, KlassHandle, Symbol*, Symbol*, Thread*)+0x57
V  [libjvm.dylib+0x341cf5]  thread_entry(JavaThread*, Thread*)+0x78
V  [libjvm.dylib+0x564226]  JavaThread::thread_main_inner()+0x82
V  [libjvm.dylib+0x5640eb]  JavaThread::run()+0x19d
V  [libjvm.dylib+0x48f359]  java_start(Thread*)+0xfa
C  [libsystem_pthread.dylib+0x6109]  _pthread_start+0x94
C  [libsystem_pthread.dylib+0x1b8b]  thread_start+0xf
C  0x0000000000000000

Java frames: (J=compiled Java code, j=interpreted, Vv=VM code)
J 127  java.util.zip.ZipFile.getEntry(J[BZ)J (0 bytes) @ 0x0000000117a7d198 [0x0000000117a7d140+0x58]
J 1569 C2 java.util.jar.JarFile.getEntry(Ljava/lang/String;)Ljava/util/zip/ZipEntry; (22 bytes) @ 0x0000000117e4a0f8 [0x0000000117e49d80+0x378]
J 1136 C2 sun.misc.URLClassPath$JarLoader.getResource(Ljava/lang/String;Z)Lsun/misc/Resource; (85 bytes) @ 0x0000000117d19164 [0x0000000117d190e0+0x84]
J 3132 C2 sun.misc.URLClassPath.findResource(Ljava/lang/String;Z)Ljava/net/URL; (47 bytes) @ 0x00000001183e31d4 [0x00000001183e2d40+0x494]
J 2068 C1 java.net.URLClassLoader$2.run()Ljava/lang/Object; (5 bytes) @ 0x0000000117faea54 [0x0000000117fae940+0x114]
v  ~StubRoutines::call_stub
J 837  java.security.AccessController.doPrivileged(Ljava/security/PrivilegedAction;Ljava/security/AccessControlContext;)Ljava/lang/Object; (0 bytes) @ 0x0000000117c3ffe3 [0x0000000117c3ff80+0x63]
J 2066 C1 java.net.URLClassLoader.findResource(Ljava/lang/String;)Ljava/net/URL; (37 bytes) @ 0x0000000117fac914 [0x0000000117fac780+0x194]
J 2164 C1 java.lang.ClassLoader.getResource(Ljava/lang/String;)Ljava/net/URL; (36 bytes) @ 0x000000011800aca4 [0x000000011800a7e0+0x4c4]
J 3230 C1 org.springframework.boot.devtools.restart.classloader.RestartClassLoader.getResource(Ljava/lang/String;)Ljava/net/URL; (48 bytes) @ 0x000000011840e69c [0x000000011840dbe0+0xabc]
J 6271 C1 org.springframework.core.io.ClassPathResource.resolveURL()Ljava/net/URL; (46 bytes) @ 0x0000000118668f4c [0x0000000118668460+0xaec]
j  org.springframework.core.io.ClassPathResource.exists()Z+1
j  org.springframework.boot.logging.AbstractLoggingSystem.findConfig([Ljava/lang/String;)Ljava/lang/String;+37
j  org.springframework.boot.logging.AbstractLoggingSystem.getSelfInitializationConfig()Ljava/lang/String;+5
j  org.springframework.boot.logging.AbstractLoggingSystem.initializeWithConventions(Lorg/springframework/boot/logging/LoggingInitializationContext;Lorg/springframework/boot/logging/LogFile;)V+1
j  org.springframework.boot.logging.AbstractLoggingSystem.initialize(Lorg/springframework/boot/logging/LoggingInitializationContext;Ljava/lang/String;Lorg/springframework/boot/logging/LogFile;)V+18
j  org.springframework.boot.logging.log4j2.Log4J2LoggingSystem.initialize(Lorg/springframework/boot/logging/LoggingInitializationContext;Ljava/lang/String;Lorg/springframework/boot/logging/LogFile;)V+33
j  org.springframework.boot.context.logging.LoggingApplicationListener.initializeSystem(Lorg/springframework/core/env/ConfigurableEnvironment;Lorg/springframework/boot/logging/LoggingSystem;Lorg/springframework/boot/logging/LogFile;)V+34
j  org.springframework.boot.context.logging.LoggingApplicationListener.initialize(Lorg/springframework/core/env/ConfigurableEnvironment;Ljava/lang/ClassLoader;)V+36
j  org.springframework.boot.context.logging.LoggingApplicationListener.onApplicationEnvironmentPreparedEvent(Lorg/springframework/boot/context/event/ApplicationEnvironmentPreparedEvent;)V+33
j  org.springframework.boot.context.logging.LoggingApplicationListener.onApplicationEvent(Lorg/springframework/context/ApplicationEvent;)V+30
J 8619 C1 org.springframework.context.event.SimpleApplicationEventMulticaster.doInvokeListener(Lorg/springframework/context/ApplicationListener;Lorg/springframework/context/ApplicationEvent;)V (90 bytes) @ 0x000000011915383c [0x0000000119153720+0x11c]
J 8620 C1 org.springframework.context.event.SimpleApplicationEventMulticaster.invokeListener(Lorg/springframework/context/ApplicationListener;Lorg/springframework/context/ApplicationEvent;)V (38 bytes) @ 0x000000011915313c [0x0000000119153020+0x11c]
J 9671 C1 org.springframework.context.event.SimpleApplicationEventMulticaster.multicastEvent(Lorg/springframework/context/ApplicationEvent;Lorg/springframework/core/ResolvableType;)V (90 bytes) @ 0x000000011942435c [0x0000000119423ca0+0x6bc]
j  org.springframework.context.event.SimpleApplicationEventMulticaster.multicastEvent(Lorg/springframework/context/ApplicationEvent;)V+7
j  org.springframework.boot.context.event.EventPublishingRunListener.environmentPrepared(Lorg/springframework/core/env/ConfigurableEnvironment;)V+20
j  org.springframework.boot.SpringApplicationRunListeners.environmentPrepared(Lorg/springframework/core/env/ConfigurableEnvironment;)V+31
j  org.springframework.boot.SpringApplication.prepareEnvironment(Lorg/springframework/boot/SpringApplicationRunListeners;Lorg/springframework/boot/ApplicationArguments;)Lorg/springframework/core/env/ConfigurableEnvironment;+18
j  org.springframework.boot.SpringApplication.run([Ljava/lang/String;)Lorg/springframework/context/ConfigurableApplicationContext;+54
j  net.corda.samples.client.Starter.main([Ljava/lang/String;)V+33
v  ~StubRoutines::call_stub
J 2719  sun.reflect.NativeMethodAccessorImpl.invoke0(Ljava/lang/reflect/Method;Ljava/lang/Object;[Ljava/lang/Object;)Ljava/lang/Object; (0 bytes) @ 0x00000001181a4bb7 [0x00000001181a4b40+0x77]
J 2718 C1 sun.reflect.NativeMethodAccessorImpl.invoke(Ljava/lang/Object;[Ljava/lang/Object;)Ljava/lang/Object; (104 bytes) @ 0x00000001181c6f1c [0x00000001181c5d40+0x11dc]
J 9667 C2 java.lang.reflect.Method.invoke(Ljava/lang/Object;[Ljava/lang/Object;)Ljava/lang/Object; (62 bytes) @ 0x0000000119426714 [0x0000000119426660+0xb4]
j  org.springframework.boot.devtools.restart.RestartLauncher.run()V+41
v  ~StubRoutines::call_stub

---------------  P R O C E S S  ---------------

Java Threads: ( => current thread )
=>0x00007ffb2fc05800 JavaThread "restartedMain" [_thread_in_native, id=30735, stack(0x000070000d432000,0x000070000d532000)]
  0x00007ffb26208800 JavaThread "Thread-6" [_thread_blocked, id=86019, stack(0x000070000f28c000,0x000070000f38c000)]
  0x00007ffb3c23a800 JavaThread "Thread-1 (ActiveMQ-client-factory-threads-558260037)" daemon [_thread_blocked, id=86531, stack(0x000070000f189000,0x000070000f289000)]
  0x00007ffb3baec800 JavaThread "Thread-4 (ActiveMQ-client-factory-pinger-threads-1274260724)" daemon [_thread_blocked, id=44291, stack(0x000070000f086000,0x000070000f186000)]
  0x00007ffb3b6a2800 JavaThread "Thread-3 (ActiveMQ-client-factory-pinger-threads-1274260724)" daemon [_thread_blocked, id=87043, stack(0x000070000ef83000,0x000070000f083000)]
  0x00007ffb1f838000 JavaThread "Thread-2 (ActiveMQ-client-factory-pinger-threads-1274260724)" daemon [_thread_blocked, id=29703, stack(0x000070000ee80000,0x000070000ef80000)]
  0x00007ffb24b74800 JavaThread "rpc-client-observation-pool-3" daemon [_thread_blocked, id=27403, stack(0x000070000d32f000,0x000070000d42f000)]
  0x00007ffb1f980800 JavaThread "rpc-client-observation-pool-2" daemon [_thread_blocked, id=27147, stack(0x000070000d22c000,0x000070000d32c000)]
  0x00007ffb3b57f800 JavaThread "rpc-client-observation-pool-1" daemon [_thread_blocked, id=26119, stack(0x000070000d129000,0x000070000d229000)]
  0x00007ffb3cb34000 JavaThread "rpc-client-observation-pool-0" daemon [_thread_blocked, id=40711, stack(0x000070000d026000,0x000070000d126000)]
  0x00007ffb2e808800 JavaThread "DestroyJavaVM" [_thread_blocked, id=3843, stack(0x000070000aec0000,0x000070000afc0000)]
  0x00007ffb320e7800 JavaThread "Live Reload Server" daemon [_thread_in_native, id=14091, stack(0x000070000de50000,0x000070000df50000)]
  0x00007ffb35b69000 JavaThread "rpc-client-sender-0" daemon [_thread_blocked, id=43531, stack(0x000070000dc4a000,0x000070000dd4a000)]
  0x00007ffb320cb000 JavaThread "ForkJoinPool.commonPool-worker-9" daemon [_thread_blocked, id=39435, stack(0x000070000db47000,0x000070000dc47000)]
  0x00007ffb2fc00000 JavaThread "Thread-0 (ActiveMQ-client-factory-threads-558260037)" daemon [_thread_blocked, id=39691, stack(0x000070000da44000,0x000070000db44000)]
  0x00007ffb310db000 JavaThread "Thread-1 (ActiveMQ-client-factory-pinger-threads-1274260724)" daemon [_thread_blocked, id=30475, stack(0x000070000d941000,0x000070000da41000)]
  0x00007ffb3c0d1000 JavaThread "Thread-0 (ActiveMQ-client-factory-pinger-threads-1274260724)" daemon [_thread_blocked, id=32523, stack(0x000070000d83e000,0x000070000d93e000)]
  0x00007ffb3254b800 JavaThread "KQueueEventLoopGroup-2-1" [_thread_in_native, id=30219, stack(0x000070000d73b000,0x000070000d83b000)]
  0x00007ffb3c822000 JavaThread "rpc-client-reaper-0" daemon [_thread_blocked, id=29195, stack(0x000070000d638000,0x000070000d738000)]
  0x00007ffb35822800 JavaThread "Service Thread" daemon [_thread_blocked, id=25091, stack(0x000070000ce20000,0x000070000cf20000)]
  0x00007ffb30836800 JavaThread "C1 CompilerThread11" daemon [_thread_blocked, id=41475, stack(0x000070000cd1d000,0x000070000ce1d000)]
  0x00007ffb2e853800 JavaThread "C1 CompilerThread10" daemon [_thread_blocked, id=41731, stack(0x000070000cc1a000,0x000070000cd1a000)]
  0x00007ffb2e057000 JavaThread "C1 CompilerThread9" daemon [_thread_blocked, id=24323, stack(0x000070000cb17000,0x000070000cc17000)]
  0x00007ffb3082e000 JavaThread "C1 CompilerThread8" daemon [_thread_blocked, id=41987, stack(0x000070000ca14000,0x000070000cb14000)]
  0x00007ffb2e853000 JavaThread "C2 CompilerThread7" daemon [_thread_blocked, id=23811, stack(0x000070000c911000,0x000070000ca11000)]
  0x00007ffb2e839800 JavaThread "C2 CompilerThread6" daemon [_thread_blocked, id=23555, stack(0x000070000c80e000,0x000070000c90e000)]
  0x00007ffb2e056800 JavaThread "C2 CompilerThread5" daemon [_thread_blocked, id=23299, stack(0x000070000c70b000,0x000070000c80b000)]
  0x00007ffb2e837800 JavaThread "C2 CompilerThread4" daemon [_thread_blocked, id=22787, stack(0x000070000c608000,0x000070000c708000)]
  0x00007ffb2f809000 JavaThread "C2 CompilerThread3" daemon [_thread_blocked, id=22275, stack(0x000070000c505000,0x000070000c605000)]
  0x00007ffb31011800 JavaThread "C2 CompilerThread2" daemon [_thread_blocked, id=22019, stack(0x000070000c402000,0x000070000c502000)]
  0x00007ffb31011000 JavaThread "C2 CompilerThread1" daemon [_thread_blocked, id=21763, stack(0x000070000c2ff000,0x000070000c3ff000)]
  0x00007ffb2e839000 JavaThread "C2 CompilerThread0" daemon [_thread_blocked, id=15619, stack(0x000070000c1fc000,0x000070000c2fc000)]
  0x00007ffb30009000 JavaThread "Signal Dispatcher" daemon [_thread_blocked, id=14851, stack(0x000070000c0f9000,0x000070000c1f9000)]
  0x00007ffb2e055000 JavaThread "Finalizer" daemon [_thread_blocked, id=17923, stack(0x000070000bef0000,0x000070000bff0000)]
  0x00007ffb3500c800 JavaThread "Reference Handler" daemon [_thread_blocked, id=12803, stack(0x000070000bded000,0x000070000beed000)]

Other Threads:
  0x00007ffb32017800 VMThread [stack: 0x000070000bcea000,0x000070000bdea000] [id=12547]
  0x00007ffb2e012800 WatcherThread [stack: 0x000070000cf23000,0x000070000d023000] [id=25603]

VM state:not at safepoint (normal execution)

VM Mutex/Monitor currently owned by a thread: None

heap address: 0x00000006c0000000, size: 4096 MB, Compressed Oops mode: Zero based, Oop shift amount: 3
Narrow klass base: 0x0000000000000000, Narrow klass shift: 3
Compressed class space size: 1073741824 Address: 0x00000007c0000000

Heap:
 PSYoungGen      total 860160K, used 100171K [0x000000076ab00000, 0x00000007b8480000, 0x00000007c0000000)
  eden space 822784K, 12% used [0x000000076ab00000,0x0000000770cd2e08,0x000000079ce80000)
  from space 37376K, 0% used [0x000000079ce80000,0x000000079ce80000,0x000000079f300000)
  to   space 50176K, 0% used [0x00000007b5380000,0x00000007b5380000,0x00000007b8480000)
 ParOldGen       total 265728K, used 54816K [0x00000006c0000000, 0x00000006d0380000, 0x000000076ab00000)
  object space 265728K, 20% used [0x00000006c0000000,0x00000006c3588240,0x00000006d0380000)
 Metaspace       used 64779K, capacity 66706K, committed 66816K, reserved 1107968K
  class space    used 8054K, capacity 8405K, committed 8448K, reserved 1048576K

Card table byte_map: [0x00000001109ce000,0x00000001111cf000] byte_map_base: 0x000000010d3ce000

Marking Bits: (ParMarkBitMap*) 0x000000010ff29768
 Begin Bits: [0x000000012678f000, 0x000000012a78f000)
 End Bits:   [0x000000012a78f000, 0x000000012e78f000)

Polling page: 0x000000010d795000

CodeCache: size=245760Kb used=29424Kb max_used=29424Kb free=216335Kb
 bounds [0x000000011778f000, 0x000000011946f000, 0x000000012678f000]
 total_blobs=9038 nmethods=8359 adapters=588
 compilation: enabled

Compilation events (10 events):
Event: 513.327 Thread 0x00007ffb2e853800 nmethod 9761 0x000000011945c950 code [0x000000011945cac0, 0x000000011945cd30]
Event: 513.327 Thread 0x00007ffb2e853800 9763       3       java.lang.CharSequence$1CharIterator::<init> (15 bytes)
Event: 513.327 Thread 0x00007ffb2e853800 nmethod 9763 0x000000011945c550 code [0x000000011945c6c0, 0x000000011945c890]
Event: 513.327 Thread 0x00007ffb2e853800 9764       3       java.util.Spliterators::spliterator (17 bytes)
Event: 513.327 Thread 0x00007ffb30836800 nmethod 9762 0x0000000119466d10 code [0x0000000119466ec0, 0x0000000119467378]
Event: 513.327 Thread 0x00007ffb2e853800 nmethod 9764 0x000000011945bf10 code [0x000000011945c0a0, 0x000000011945c3d8]
Event: 513.327 Thread 0x00007ffb2e057000 nmethod 9756 0x0000000119467550 code [0x0000000119467820, 0x0000000119468d88]
Event: 513.327 Thread 0x00007ffb3082e000 nmethod 9757 0x00000001194698d0 code [0x0000000119469b80, 0x000000011946aeb8]
Event: 513.328 Thread 0x00007ffb30836800 9765       3       org.springframework.core.env.PropertySource$StubPropertySource::getProperty (6 bytes)
Event: 513.328 Thread 0x00007ffb30836800 nmethod 9765 0x000000011946ba50 code [0x000000011946bbc0, 0x000000011946bdc8]

GC Heap History (10 events):
Event: 3.562 GC heap before
{Heap before GC invocations=13 (full 2):
 PSYoungGen      total 613376K, used 609301K [0x000000076ab00000, 0x0000000796c80000, 0x00000007c0000000)
  eden space 580096K, 100% used [0x000000076ab00000,0x000000078e180000,0x000000078e180000)
  from space 33280K, 87% used [0x0000000790580000,0x0000000792205458,0x0000000792600000)
  to   space 36864K, 0% used [0x000000078e180000,0x000000078e180000,0x0000000790580000)
 ParOldGen       total 136704K, used 63740K [0x00000006c0000000, 0x00000006c8580000, 0x000000076ab00000)
  object space 136704K, 46% used [0x00000006c0000000,0x00000006c3e3f028,0x00000006c8580000)
 Metaspace       used 42690K, capacity 44108K, committed 44288K, reserved 1087488K
  class space    used 5292K, capacity 5582K, committed 5632K, reserved 1048576K
Event: 3.582 GC heap after
Heap after GC invocations=13 (full 2):
 PSYoungGen      total 616960K, used 23154K [0x000000076ab00000, 0x00000007a1700000, 0x00000007c0000000)
  eden space 580096K, 0% used [0x000000076ab00000,0x000000076ab00000,0x000000078e180000)
  from space 36864K, 62% used [0x000000078e180000,0x000000078f81c9d8,0x0000000790580000)
  to   space 36864K, 0% used [0x000000079f300000,0x000000079f300000,0x00000007a1700000)
 ParOldGen       total 136704K, used 92371K [0x00000006c0000000, 0x00000006c8580000, 0x000000076ab00000)
  object space 136704K, 67% used [0x00000006c0000000,0x00000006c5a34c20,0x00000006c8580000)
 Metaspace       used 42690K, capacity 44108K, committed 44288K, reserved 1087488K
  class space    used 5292K, capacity 5582K, committed 5632K, reserved 1048576K
}
Event: 3.658 GC heap before
{Heap before GC invocations=14 (full 2):
 PSYoungGen      total 616960K, used 603250K [0x000000076ab00000, 0x00000007a1700000, 0x00000007c0000000)
  eden space 580096K, 100% used [0x000000076ab00000,0x000000078e180000,0x000000078e180000)
  from space 36864K, 62% used [0x000000078e180000,0x000000078f81c9d8,0x0000000790580000)
  to   space 36864K, 0% used [0x000000079f300000,0x000000079f300000,0x00000007a1700000)
 ParOldGen       total 136704K, used 92632K [0x00000006c0000000, 0x00000006c8580000, 0x000000076ab00000)
  object space 136704K, 67% used [0x00000006c0000000,0x00000006c5a762d8,0x00000006c8580000)
 Metaspace       used 42707K, capacity 44108K, committed 44288K, reserved 1087488K
  class space    used 5293K, capacity 5582K, committed 5632K, reserved 1048576K
Event: 3.674 GC heap after
Heap after GC invocations=14 (full 2):
 PSYoungGen      total 859648K, used 24352K [0x000000076ab00000, 0x00000007a2600000, 0x00000007c0000000)
  eden space 822784K, 0% used [0x000000076ab00000,0x000000076ab00000,0x000000079ce80000)
  from space 36864K, 66% used [0x000000079f300000,0x00000007a0ac8110,0x00000007a1700000)
  to   space 37376K, 0% used [0x000000079ce80000,0x000000079ce80000,0x000000079f300000)
 ParOldGen       total 136704K, used 115180K [0x00000006c0000000, 0x00000006c8580000, 0x000000076ab00000)
  object space 136704K, 84% used [0x00000006c0000000,0x00000006c707b190,0x00000006c8580000)
 Metaspace       used 42707K, capacity 44108K, committed 44288K, reserved 1087488K
  class space    used 5293K, capacity 5582K, committed 5632K, reserved 1048576K
}
Event: 3.674 GC heap before
{Heap before GC invocations=15 (full 3):
 PSYoungGen      total 859648K, used 24352K [0x000000076ab00000, 0x00000007a2600000, 0x00000007c0000000)
  eden space 822784K, 0% used [0x000000076ab00000,0x000000076ab00000,0x000000079ce80000)
  from space 36864K, 66% used [0x000000079f300000,0x00000007a0ac8110,0x00000007a1700000)
  to   space 37376K, 0% used [0x000000079ce80000,0x000000079ce80000,0x000000079f300000)
 ParOldGen       total 136704K, used 115180K [0x00000006c0000000, 0x00000006c8580000, 0x000000076ab00000)
  object space 136704K, 84% used [0x00000006c0000000,0x00000006c707b190,0x00000006c8580000)
 Metaspace       used 42707K, capacity 44108K, committed 44288K, reserved 1087488K
  class space    used 5293K, capacity 5582K, committed 5632K, reserved 1048576K
Event: 3.783 GC heap after
Heap after GC invocations=15 (full 3):
 PSYoungGen      total 859648K, used 0K [0x000000076ab00000, 0x00000007a2600000, 0x00000007c0000000)
  eden space 822784K, 0% used [0x000000076ab00000,0x000000076ab00000,0x000000079ce80000)
  from space 36864K, 0% used [0x000000079f300000,0x000000079f300000,0x00000007a1700000)
  to   space 37376K, 0% used [0x000000079ce80000,0x000000079ce80000,0x000000079f300000)
 ParOldGen       total 265728K, used 117089K [0x00000006c0000000, 0x00000006d0380000, 0x000000076ab00000)
  object space 265728K, 44% used [0x00000006c0000000,0x00000006c7258440,0x00000006d0380000)
 Metaspace       used 42707K, capacity 44108K, committed 44288K, reserved 1087488K
  class space    used 5293K, capacity 5582K, committed 5632K, reserved 1048576K
}
Event: 512.950 GC heap before
{Heap before GC invocations=16 (full 3):
 PSYoungGen      total 859648K, used 739338K [0x000000076ab00000, 0x00000007a2600000, 0x00000007c0000000)
  eden space 822784K, 89% used [0x000000076ab00000,0x0000000797d02878,0x000000079ce80000)
  from space 36864K, 0% used [0x000000079f300000,0x000000079f300000,0x00000007a1700000)
  to   space 37376K, 0% used [0x000000079ce80000,0x000000079ce80000,0x000000079f300000)
 ParOldGen       total 265728K, used 117089K [0x00000006c0000000, 0x00000006d0380000, 0x000000076ab00000)
  object space 265728K, 44% used [0x00000006c0000000,0x00000006c7258440,0x00000006d0380000)
 Metaspace       used 64733K, capacity 66630K, committed 66816K, reserved 1107968K
  class space    used 8052K, capacity 8402K, committed 8448K, reserved 1048576K
Event: 512.992 GC heap after
Heap after GC invocations=16 (full 3):
 PSYoungGen      total 860160K, used 37364K [0x000000076ab00000, 0x00000007b8480000, 0x00000007c0000000)
  eden space 822784K, 0% used [0x000000076ab00000,0x000000076ab00000,0x000000079ce80000)
  from space 37376K, 99% used [0x000000079ce80000,0x000000079f2fd018,0x000000079f300000)
  to   space 50176K, 0% used [0x00000007b5380000,0x00000007b5380000,0x00000007b8480000)
 ParOldGen       total 265728K, used 138649K [0x00000006c0000000, 0x00000006d0380000, 0x000000076ab00000)
  object space 265728K, 52% used [0x00000006c0000000,0x00000006c87667b0,0x00000006d0380000)
 Metaspace       used 64733K, capacity 66630K, committed 66816K, reserved 1107968K
  class space    used 8052K, capacity 8402K, committed 8448K, reserved 1048576K
}
Event: 512.992 GC heap before
{Heap before GC invocations=17 (full 4):
 PSYoungGen      total 860160K, used 37364K [0x000000076ab00000, 0x00000007b8480000, 0x00000007c0000000)
  eden space 822784K, 0% used [0x000000076ab00000,0x000000076ab00000,0x000000079ce80000)
  from space 37376K, 99% used [0x000000079ce80000,0x000000079f2fd018,0x000000079f300000)
  to   space 50176K, 0% used [0x00000007b5380000,0x00000007b5380000,0x00000007b8480000)
 ParOldGen       total 265728K, used 138649K [0x00000006c0000000, 0x00000006d0380000, 0x000000076ab00000)
  object space 265728K, 52% used [0x00000006c0000000,0x00000006c87667b0,0x00000006d0380000)
 Metaspace       used 64733K, capacity 66630K, committed 66816K, reserved 1107968K
  class space    used 8052K, capacity 8402K, committed 8448K, reserved 1048576K
Event: 513.174 GC heap after
Heap after GC invocations=17 (full 4):
 PSYoungGen      total 860160K, used 0K [0x000000076ab00000, 0x00000007b8480000, 0x00000007c0000000)
  eden space 822784K, 0% used [0x000000076ab00000,0x000000076ab00000,0x000000079ce80000)
  from space 37376K, 0% used [0x000000079ce80000,0x000000079ce80000,0x000000079f300000)
  to   space 50176K, 0% used [0x00000007b5380000,0x00000007b5380000,0x00000007b8480000)
 ParOldGen       total 265728K, used 54816K [0x00000006c0000000, 0x00000006d0380000, 0x000000076ab00000)
  object space 265728K, 20% used [0x00000006c0000000,0x00000006c3588240,0x00000006d0380000)
 Metaspace       used 64733K, capacity 66630K, committed 66816K, reserved 1107968K
  class space    used 8052K, capacity 8402K, committed 8448K, reserved 1048576K
}

Deoptimization events (10 events):
Event: 16.336 Thread 0x00007ffb3cafa000 Uncommon trap: reason=unstable_if action=reinterpret pc=0x00000001182ffaf4 method=java.nio.charset.CoderResult.isUnderflow()Z @ 4
Event: 23.090 Thread 0x00007ffb36075000 Uncommon trap: reason=unstable_if action=reinterpret pc=0x0000000118b4a390 method=java.lang.Package.isSealed()Z @ 4
Event: 23.157 Thread 0x00007ffb3c84c000 Uncommon trap: reason=unstable_if action=reinterpret pc=0x0000000117a541d8 method=java.nio.Buffer.<init>(IIII)V @ 66
Event: 23.564 Thread 0x00007ffb2fc00000 Uncommon trap: reason=unstable_if action=reinterpret pc=0x00000001180e8d88 method=kotlin.reflect.jvm.internal.impl.protobuf.CodedInputStream.readRawVarint32()I @ 69
Event: 23.564 Thread 0x00007ffb2fc00000 Uncommon trap: reason=unstable_if action=reinterpret pc=0x0000000117b61028 method=kotlin.reflect.jvm.internal.impl.protobuf.CodedOutputStream.computeRawVarint32Size(I)I @ 14
Event: 23.615 Thread 0x00007ffb2fc00000 Uncommon trap: reason=class_check action=maybe_recompile pc=0x0000000117f7af0c method=java.util.concurrent.ConcurrentHashMap.putVal(Ljava/lang/Object;Ljava/lang/Object;Z)Ljava/lang/Object; @ 192
Event: 512.111 Thread 0x00007ffb2e5ae800 Uncommon trap: reason=unstable_if action=reinterpret pc=0x0000000119357fe0 method=java.util.AbstractCollection.containsAll(Ljava/util/Collection;)Z @ 28
Event: 512.918 Thread 0x00007ffb2e5ae800 Uncommon trap: reason=unstable_if action=reinterpret pc=0x000000011912cd48 method=org.springframework.boot.devtools.filewatch.FileSnapshot.equals(Ljava/lang/Object;)Z @ 93
Event: 512.935 Thread 0x00007ffb26208800 Uncommon trap: reason=unstable_if action=reinterpret pc=0x0000000117f27274 method=java.net.URI$Parser.scan(IIJJ)I @ 39
Event: 512.942 Thread 0x00007ffb3c99a000 Uncommon trap: reason=unstable_if action=reinterpret pc=0x0000000117b62f88 method=java.lang.AbstractStringBuilder.append(Ljava/lang/String;)Ljava/lang/AbstractStringBuilder; @ 1

Classes redefined (0 events):
No events

Internal exceptions (10 events):
Event: 5.809 Thread 0x00007ffb3c828000 Exception <a 'java/lang/ClassNotFoundException': org/springframework/web/servlet/support/AbstractFlashMapManagerCustomizer> (0x000000078d2f8280) thrown at [/jenkins/workspace/8-2-build-macosx-x86_64/jdk8u271/605/hotspot/src/share/vm/classfile/systemDictio
Event: 5.809 Thread 0x00007ffb3c828000 Exception <a 'java/lang/ClassNotFoundException': org/springframework/web/servlet/support/SessionFlashMapManagerCustomizer> (0x000000078d332288) thrown at [/jenkins/workspace/8-2-build-macosx-x86_64/jdk8u271/605/hotspot/src/share/vm/classfile/systemDiction
Event: 5.810 Thread 0x00007ffb3c828000 Exception <a 'java/lang/ClassNotFoundException': org/springframework/web/servlet/FlashMapManagerCustomizer> (0x000000078d35fe08) thrown at [/jenkins/workspace/8-2-build-macosx-x86_64/jdk8u271/605/hotspot/src/share/vm/classfile/systemDictionary.cpp, line 2
Event: 5.826 Thread 0x00007ffb3c828000 Exception <a 'java/lang/NoSuchMethodError': java.lang.Object.lambda$thenComparing$36697e65$1(Ljava/util/Comparator;Ljava/lang/Object;Ljava/lang/Object;)I> (0x000000078d59c4c0) thrown at [/jenkins/workspace/8-2-build-macosx-x86_64/jdk8u271/605/hotspot/src/
Event: 7.847 Thread 0x00007ffb3c84d800 Implicit null exception at 0x0000000118c95bf8 to 0x0000000118c9f6ad
Event: 7.872 Thread 0x00007ffb3c84d800 Exception <a 'java/lang/ClassNotFoundException': java/lang/Object[]> (0x000000078e4d1830) thrown at [/jenkins/workspace/8-2-build-macosx-x86_64/jdk8u271/605/hotspot/src/share/vm/prims/jni.cpp, line 737]
Event: 512.937 Thread 0x00007ffb31728800 Exception <a 'java/lang/InterruptedException': sleep interrupted> (0x00000007933a4b10) thrown at [/jenkins/workspace/8-2-build-macosx-x86_64/jdk8u271/605/hotspot/src/share/vm/prims/jvm.cpp, line 3346]
Event: 512.942 Thread 0x00007ffb3c99a000 Implicit null exception at 0x0000000117b62bb5 to 0x0000000117b62f75
Event: 512.949 Thread 0x00007ffb31730000 Exception <a 'java/lang/InterruptedException': sleep interrupted> (0x00000007979cbc38) thrown at [/jenkins/workspace/8-2-build-macosx-x86_64/jdk8u271/605/hotspot/src/share/vm/prims/jvm.cpp, line 3346]
Event: 513.303 Thread 0x00007ffb2fc05800 Exception <a 'java/io/FileNotFoundException'> (0x00000007708aaf78) thrown at [/jenkins/workspace/8-2-build-macosx-x86_64/jdk8u271/605/hotspot/src/share/vm/prims/jni.cpp, line 710]

Events (10 events):
Event: 513.204 Thread 0x00007ffb3082e000 flushing nmethod 0x0000000118ca2890
Event: 513.204 Thread 0x00007ffb3082e000 flushing nmethod 0x0000000118ca2c90
Event: 513.204 Thread 0x00007ffb3082e000 flushing nmethod 0x0000000118ca3150
Event: 513.204 Thread 0x00007ffb3082e000 flushing nmethod 0x0000000118ca5110
Event: 513.204 Thread 0x00007ffb3082e000 flushing nmethod 0x0000000118cb3710
Event: 513.213 Thread 0x00007ffb2e057000 flushing nmethod 0x0000000118f48790
Event: 513.283 Executing VM operation: BulkRevokeBias
Event: 513.283 Executing VM operation: BulkRevokeBias done
Event: 513.284 Executing VM operation: BulkRevokeBias
Event: 513.284 Executing VM operation: BulkRevokeBias done


Dynamic libraries:
0x00007fff36cb4000 	/System/Library/Frameworks/Cocoa.framework/Versions/A/Cocoa
0x00007fff444ad000 	/System/Library/Frameworks/Security.framework/Versions/A/Security
0x00007fff35c19000 	/System/Library/Frameworks/ApplicationServices.framework/Versions/A/ApplicationServices
0x00007fff70fd1000 	/usr/lib/libz.1.dylib
0x00007fff6ea95000 	/usr/lib/libSystem.B.dylib
0x00007fff37b56000 	/System/Library/Frameworks/CoreFoundation.framework/Versions/A/CoreFoundation
0x00007fff3a213000 	/System/Library/Frameworks/Foundation.framework/Versions/C/Foundation
0x00007fff708f5000 	/usr/lib/libobjc.A.dylib
0x00007fff34e09000 	/System/Library/Frameworks/AppKit.framework/Versions/C/AppKit
0x00007fff37638000 	/System/Library/Frameworks/CoreData.framework/Versions/A/CoreData
0x00007fff68aaa000 	/System/Library/PrivateFrameworks/UIFoundation.framework/Versions/A/UIFoundation
0x00007fff63b3e000 	/System/Library/PrivateFrameworks/RemoteViewServices.framework/Versions/A/RemoteViewServices
0x00007fff6b605000 	/System/Library/PrivateFrameworks/XCTTargetBootstrap.framework/Versions/A/XCTTargetBootstrap
0x00007fff37a23000 	/System/Library/Frameworks/CoreDisplay.framework/Versions/A/CoreDisplay
0x00007fff3d0ce000 	/System/Library/Frameworks/Metal.framework/Versions/A/Metal
0x00007fff51b41000 	/System/Library/PrivateFrameworks/DesktopServicesPriv.framework/Versions/A/DesktopServicesPriv
0x00007fff6fbd0000 	/usr/lib/liblangid.dylib
0x00007fff50dd6000 	/System/Library/PrivateFrameworks/CoreSVG.framework/Versions/A/CoreSVG
0x00007fff66c9a000 	/System/Library/PrivateFrameworks/SkyLight.framework/Versions/A/SkyLight
0x00007fff37fd7000 	/System/Library/Frameworks/CoreGraphics.framework/Versions/A/CoreGraphics
0x00007fff337dd000 	/System/Library/Frameworks/Accelerate.framework/Versions/A/Accelerate
0x00007fff70ec2000 	/usr/lib/libxml2.2.dylib
0x00007fff5cac9000 	/System/Library/PrivateFrameworks/IconServices.framework/Versions/A/IconServices
0x00007fff3a9f2000 	/System/Library/Frameworks/IOSurface.framework/Versions/A/IOSurface
0x00007fff6e5bf000 	/usr/lib/libDiagnosticMessagesClient.dylib
0x00007fff5199b000 	/System/Library/PrivateFrameworks/DFRFoundation.framework/Versions/A/DFRFoundation
0x00007fff6f95f000 	/usr/lib/libicucore.A.dylib
0x00007fff35f4b000 	/System/Library/Frameworks/AudioToolbox.framework/Versions/A/AudioToolbox
0x00007fff3602e000 	/System/Library/Frameworks/AudioUnit.framework/Versions/A/AudioUnit
0x00007fff6ec97000 	/usr/lib/libauto.dylib
0x00007fff51a3d000 	/System/Library/PrivateFrameworks/DataDetectorsCore.framework/Versions/A/DataDetectorsCore
0x00007fff367d5000 	/System/Library/Frameworks/Carbon.framework/Versions/A/Frameworks/HIToolbox.framework/Versions/A/HIToolbox
0x00007fff436a7000 	/System/Library/Frameworks/QuartzCore.framework/Versions/A/QuartzCore
0x00007fff36b14000 	/System/Library/Frameworks/Carbon.framework/Versions/A/Frameworks/SpeechRecognition.framework/Versions/A/SpeechRecognition
0x00007fff514af000 	/System/Library/PrivateFrameworks/CoreUI.framework/Versions/A/CoreUI
0x00007fff370a3000 	/System/Library/Frameworks/CoreAudio.framework/Versions/A/CoreAudio
0x00007fff39ed2000 	/System/Library/Frameworks/DiskArbitration.framework/Versions/A/DiskArbitration
0x00007fff5eb19000 	/System/Library/PrivateFrameworks/MultitouchSupport.framework/Versions/A/MultitouchSupport
0x00007fff6f826000 	/usr/lib/libenergytrace.dylib
0x00007fff3a94c000 	/System/Library/Frameworks/IOKit.framework/Versions/A/IOKit
0x00007fff38f3e000 	/System/Library/Frameworks/CoreServices.framework/Versions/A/CoreServices
0x00007fff60cd1000 	/System/Library/PrivateFrameworks/PerformanceAnalysis.framework/Versions/A/PerformanceAnalysis
0x00007fff426da000 	/System/Library/Frameworks/OpenGL.framework/Versions/A/OpenGL
0x00007fff36cc2000 	/System/Library/Frameworks/ColorSync.framework/Versions/A/ColorSync
0x00007fff3865a000 	/System/Library/Frameworks/CoreImage.framework/Versions/A/CoreImage
0x00007fff399b1000 	/System/Library/Frameworks/CoreText.framework/Versions/A/CoreText
0x00007fff3aa82000 	/System/Library/Frameworks/ImageIO.framework/Versions/A/ImageIO
0x00007fff6ed7b000 	/usr/lib/libc++.1.dylib
0x00007fff6edf7000 	/usr/lib/libcompression.dylib
0x00007fff6e903000 	/usr/lib/libMobileGestalt.dylib
0x00007fff68814000 	/System/Library/PrivateFrameworks/TextureIO.framework/Versions/A/TextureIO
0x00007fff6ebfa000 	/usr/lib/libate.dylib
0x00007fff5ccd2000 	/System/Library/PrivateFrameworks/InternationalSupport.framework/Versions/A/InternationalSupport
0x00007fff71892000 	/usr/lib/system/libcache.dylib
0x00007fff71898000 	/usr/lib/system/libcommonCrypto.dylib
0x00007fff718a4000 	/usr/lib/system/libcompiler_rt.dylib
0x00007fff718ac000 	/usr/lib/system/libcopyfile.dylib
0x00007fff718b6000 	/usr/lib/system/libcorecrypto.dylib
0x00007fff71a55000 	/usr/lib/system/libdispatch.dylib
0x00007fff71a96000 	/usr/lib/system/libdyld.dylib
0x00007fff71acd000 	/usr/lib/system/libkeymgr.dylib
0x00007fff71adb000 	/usr/lib/system/liblaunch.dylib
0x00007fff71adc000 	/usr/lib/system/libmacho.dylib
0x00007fff71ae2000 	/usr/lib/system/libquarantine.dylib
0x00007fff71ae5000 	/usr/lib/system/libremovefile.dylib
0x00007fff71ae7000 	/usr/lib/system/libsystem_asl.dylib
0x00007fff71aff000 	/usr/lib/system/libsystem_blocks.dylib
0x00007fff71b00000 	/usr/lib/system/libsystem_c.dylib
0x00007fff71b88000 	/usr/lib/system/libsystem_configuration.dylib
0x00007fff71b8c000 	/usr/lib/system/libsystem_coreservices.dylib
0x00007fff71b90000 	/usr/lib/system/libsystem_darwin.dylib
0x00007fff71b99000 	/usr/lib/system/libsystem_dnssd.dylib
0x00007fff71ba1000 	/usr/lib/system/libsystem_featureflags.dylib
0x00007fff71ba3000 	/usr/lib/system/libsystem_info.dylib
0x00007fff71c1e000 	/usr/lib/system/libsystem_m.dylib
0x00007fff71c66000 	/usr/lib/system/libsystem_malloc.dylib
0x00007fff71c8e000 	/usr/lib/system/libsystem_networkextension.dylib
0x00007fff71c9c000 	/usr/lib/system/libsystem_notify.dylib
0x00007fff71cba000 	/usr/lib/system/libsystem_sandbox.dylib
0x00007fff71cbf000 	/usr/lib/system/libsystem_secinit.dylib
0x00007fff71bf1000 	/usr/lib/system/libsystem_kernel.dylib
0x00007fff71ca6000 	/usr/lib/system/libsystem_platform.dylib
0x00007fff71caf000 	/usr/lib/system/libsystem_pthread.dylib
0x00007fff71cc2000 	/usr/lib/system/libsystem_symptoms.dylib
0x00007fff71cca000 	/usr/lib/system/libsystem_trace.dylib
0x00007fff71ce2000 	/usr/lib/system/libunwind.dylib
0x00007fff71ce8000 	/usr/lib/system/libxpc.dylib
0x00007fff6edce000 	/usr/lib/libc++abi.dylib
0x00007fff6fbd2000 	/usr/lib/liblzma.5.dylib
0x00007fff6f84d000 	/usr/lib/libfakelink.dylib
0x00007fff6eb87000 	/usr/lib/libarchive.2.dylib
0x00007fff4555e000 	/System/Library/Frameworks/SystemConfiguration.framework/Versions/A/SystemConfiguration
0x00007fff6e4f2000 	/usr/lib/libCRFSuite.dylib
0x00007fff363c5000 	/System/Library/Frameworks/CFNetwork.framework/Versions/A/CFNetwork
0x00007fff6ed5d000 	/usr/lib/libbsm.0.dylib
0x00007fff71ace000 	/usr/lib/system/libkxld.dylib
0x00007fff4b318000 	/System/Library/PrivateFrameworks/AppleFSCompression.framework/Versions/A/AppleFSCompression
0x00007fff6f0e8000 	/usr/lib/libcoretls.dylib
0x00007fff6f0ff000 	/usr/lib/libcoretls_cfhelpers.dylib
0x00007fff7093b000 	/usr/lib/libpam.2.dylib
0x00007fff70a70000 	/usr/lib/libsqlite3.dylib
0x00007fff70eaf000 	/usr/lib/libxar.1.dylib
0x00007fff6ed6e000 	/usr/lib/libbz2.1.0.dylib
0x00007fff6f86e000 	/usr/lib/libiconv.2.dylib
0x00007fff6ede4000 	/usr/lib/libcharset.1.dylib
0x00007fff703d8000 	/usr/lib/libnetwork.dylib
0x00007fff70942000 	/usr/lib/libpcap.A.dylib
0x00007fff6eb3c000 	/usr/lib/libapple_nghttp2.dylib
0x00007fff392f5000 	/System/Library/Frameworks/CoreServices.framework/Versions/A/Frameworks/FSEvents.framework/Versions/A/FSEvents
0x00007fff38fc5000 	/System/Library/Frameworks/CoreServices.framework/Versions/A/Frameworks/CarbonCore.framework/Versions/A/CarbonCore
0x00007fff39539000 	/System/Library/Frameworks/CoreServices.framework/Versions/A/Frameworks/Metadata.framework/Versions/A/Metadata
0x00007fff395d2000 	/System/Library/Frameworks/CoreServices.framework/Versions/A/Frameworks/OSServices.framework/Versions/A/OSServices
0x00007fff39600000 	/System/Library/Frameworks/CoreServices.framework/Versions/A/Frameworks/SearchKit.framework/Versions/A/SearchKit
0x00007fff38f3f000 	/System/Library/Frameworks/CoreServices.framework/Versions/A/Frameworks/AE.framework/Versions/A/AE
0x00007fff392fe000 	/System/Library/Frameworks/CoreServices.framework/Versions/A/Frameworks/LaunchServices.framework/Versions/A/LaunchServices
0x00007fff392a7000 	/System/Library/Frameworks/CoreServices.framework/Versions/A/Frameworks/DictionaryServices.framework/Versions/A/DictionaryServices
0x00007fff39668000 	/System/Library/Frameworks/CoreServices.framework/Versions/A/Frameworks/SharedFileList.framework/Versions/A/SharedFileList
0x00007fff3e4f9000 	/System/Library/Frameworks/NetFS.framework/Versions/A/NetFS
0x00007fff5f049000 	/System/Library/PrivateFrameworks/NetAuth.framework/Versions/A/NetAuth
0x00007fff6b9d2000 	/System/Library/PrivateFrameworks/login.framework/Versions/A/Frameworks/loginsupport.framework/Versions/A/loginsupport
0x00007fff682df000 	/System/Library/PrivateFrameworks/TCC.framework/Versions/A/TCC
0x00007fff4ff49000 	/System/Library/PrivateFrameworks/CoreNLP.framework/Versions/A/CoreNLP
0x00007fff5e546000 	/System/Library/PrivateFrameworks/MetadataUtilities.framework/Versions/A/MetadataUtilities
0x00007fff6fcaa000 	/usr/lib/libmecabra.dylib
0x00007fff6fc02000 	/usr/lib/libmecab.dylib
0x00007fff6f85e000 	/usr/lib/libgermantok.dylib
0x00007fff6eb23000 	/usr/lib/libThaiTokenizer.dylib
0x00007fff6e529000 	/usr/lib/libChineseTokenizer.dylib
0x00007fff337f5000 	/System/Library/Frameworks/Accelerate.framework/Versions/A/Frameworks/vImage.framework/Versions/A/vImage
0x00007fff34c5f000 	/System/Library/Frameworks/Accelerate.framework/Versions/A/Frameworks/vecLib.framework/Versions/A/vecLib
0x00007fff34b9c000 	/System/Library/Frameworks/Accelerate.framework/Versions/A/Frameworks/vecLib.framework/Versions/A/libvMisc.dylib
0x00007fff349c4000 	/System/Library/Frameworks/Accelerate.framework/Versions/A/Frameworks/vecLib.framework/Versions/A/libvDSP.dylib
0x00007fff33e4c000 	/System/Library/Frameworks/Accelerate.framework/Versions/A/Frameworks/vecLib.framework/Versions/A/libBLAS.dylib
0x00007fff34588000 	/System/Library/Frameworks/Accelerate.framework/Versions/A/Frameworks/vecLib.framework/Versions/A/libLAPACK.dylib
0x00007fff34924000 	/System/Library/Frameworks/Accelerate.framework/Versions/A/Frameworks/vecLib.framework/Versions/A/libLinearAlgebra.dylib
0x00007fff349b1000 	/System/Library/Frameworks/Accelerate.framework/Versions/A/Frameworks/vecLib.framework/Versions/A/libSparseBLAS.dylib
0x00007fff3493a000 	/System/Library/Frameworks/Accelerate.framework/Versions/A/Frameworks/vecLib.framework/Versions/A/libQuadrature.dylib
0x00007fff340b4000 	/System/Library/Frameworks/Accelerate.framework/Versions/A/Frameworks/vecLib.framework/Versions/A/libBNNS.dylib
0x00007fff34940000 	/System/Library/Frameworks/Accelerate.framework/Versions/A/Frameworks/vecLib.framework/Versions/A/libSparse.dylib
0x00007fff5d0ba000 	/System/Library/PrivateFrameworks/LanguageModeling.framework/Versions/A/LanguageModeling
0x00007fff4f8f9000 	/System/Library/PrivateFrameworks/CoreEmoji.framework/Versions/A/CoreEmoji
0x00007fff5d1d8000 	/System/Library/PrivateFrameworks/LinguisticData.framework/Versions/A/LinguisticData
0x00007fff5d189000 	/System/Library/PrivateFrameworks/Lexicon.framework/Versions/A/Lexicon
0x00007fff6ede5000 	/usr/lib/libcmph.dylib
0x00007fff410e8000 	/System/Library/Frameworks/OpenDirectory.framework/Versions/A/Frameworks/CFOpenDirectory.framework/Versions/A/CFOpenDirectory
0x00007fff41105000 	/System/Library/Frameworks/OpenDirectory.framework/Versions/A/OpenDirectory
0x00007fff49548000 	/System/Library/PrivateFrameworks/APFS.framework/Versions/A/APFS
0x00007fff447f7000 	/System/Library/Frameworks/SecurityFoundation.framework/Versions/A/SecurityFoundation
0x00007fff70eab000 	/usr/lib/libutil.dylib
0x00007fff50e2e000 	/System/Library/PrivateFrameworks/CoreServicesStore.framework/Versions/A/CoreServicesStore
0x00007fff448ae000 	/System/Library/Frameworks/ServiceManagement.framework/Versions/A/ServiceManagement
0x00007fff4cae8000 	/System/Library/PrivateFrameworks/BackgroundTaskManagement.framework/Versions/A/BackgroundTaskManagement
0x00007fff70fa8000 	/usr/lib/libxslt.1.dylib
0x00007fff4b98b000 	/System/Library/PrivateFrameworks/AppleSystemInfo.framework/Versions/A/AppleSystemInfo
0x00007fff3ac9d000 	/System/Library/Frameworks/ImageIO.framework/Versions/A/Resources/libJPEG.dylib
0x00007fff3af5c000 	/System/Library/Frameworks/ImageIO.framework/Versions/A/Resources/libTIFF.dylib
0x00007fff3af3f000 	/System/Library/Frameworks/ImageIO.framework/Versions/A/Resources/libPng.dylib
0x00007fff3abdf000 	/System/Library/Frameworks/ImageIO.framework/Versions/A/Resources/libGIF.dylib
0x00007fff3abe3000 	/System/Library/Frameworks/ImageIO.framework/Versions/A/Resources/libJP2.dylib
0x00007fff3af5a000 	/System/Library/Frameworks/ImageIO.framework/Versions/A/Resources/libRadiance.dylib
0x00007fff6f827000 	/usr/lib/libexpat.1.dylib
0x00007fff4b473000 	/System/Library/PrivateFrameworks/AppleJPEG.framework/Versions/A/AppleJPEG
0x00007fff5412e000 	/System/Library/PrivateFrameworks/FontServices.framework/libFontParser.dylib
0x00007fff6a9d4000 	/System/Library/PrivateFrameworks/WatchdogClient.framework/Versions/A/WatchdogClient
0x00007fff5c715000 	/System/Library/PrivateFrameworks/IOAccelerator.framework/Versions/A/IOAccelerator
0x00007fff3d469000 	/System/Library/Frameworks/MetalPerformanceShaders.framework/Versions/A/MetalPerformanceShaders
0x00007fff58eab000 	/System/Library/PrivateFrameworks/GPUWrangler.framework/Versions/A/GPUWrangler
0x00007fff5c72a000 	/System/Library/PrivateFrameworks/IOPresentment.framework/Versions/A/IOPresentment
0x00007fff519ae000 	/System/Library/PrivateFrameworks/DSExternalDisplay.framework/Versions/A/DSExternalDisplay
0x00007fff41a79000 	/System/Library/Frameworks/OpenGL.framework/Versions/A/Libraries/libCoreFSCache.dylib
0x00007fff3d1b5000 	/System/Library/Frameworks/MetalPerformanceShaders.framework/Frameworks/MPSCore.framework/Versions/A/MPSCore
0x00007fff3d1f3000 	/System/Library/Frameworks/MetalPerformanceShaders.framework/Frameworks/MPSImage.framework/Versions/A/MPSImage
0x00007fff3d2ba000 	/System/Library/Frameworks/MetalPerformanceShaders.framework/Frameworks/MPSNeuralNetwork.framework/Versions/A/MPSNeuralNetwork
0x00007fff3d27e000 	/System/Library/Frameworks/MetalPerformanceShaders.framework/Frameworks/MPSMatrix.framework/Versions/A/MPSMatrix
0x00007fff3d419000 	/System/Library/Frameworks/MetalPerformanceShaders.framework/Frameworks/MPSRayIntersector.framework/Versions/A/MPSRayIntersector
0x00007fff3d2a4000 	/System/Library/Frameworks/MetalPerformanceShaders.framework/Frameworks/MPSNDArray.framework/Versions/A/MPSNDArray
0x00007fff5e593000 	/System/Library/PrivateFrameworks/MetalTools.framework/Versions/A/MetalTools
0x00007fff4a722000 	/System/Library/PrivateFrameworks/AggregateDictionary.framework/Versions/A/AggregateDictionary
0x00007fff4f341000 	/System/Library/PrivateFrameworks/CoreAnalytics.framework/Versions/A/CoreAnalytics
0x00007fff4b8aa000 	/System/Library/PrivateFrameworks/AppleSauce.framework/Versions/A/AppleSauce
0x00007fff6e7e5000 	/usr/lib/libIOReport.dylib
0x00007fff39b69000 	/System/Library/Frameworks/CoreVideo.framework/Versions/A/CoreVideo
0x00007fff5a324000 	/System/Library/PrivateFrameworks/GraphVisualizer.framework/Versions/A/GraphVisualizer
0x00007fff53674000 	/System/Library/PrivateFrameworks/FaceCore.framework/Versions/A/FaceCore
0x00007fff4108f000 	/System/Library/Frameworks/OpenCL.framework/Versions/A/OpenCL
0x00007fff6e607000 	/usr/lib/libFosl_dynamic.dylib
0x00007fff5fa69000 	/System/Library/PrivateFrameworks/OTSVG.framework/Versions/A/OTSVG
0x00007fff35d1e000 	/System/Library/Frameworks/ApplicationServices.framework/Versions/A/Frameworks/ATS.framework/Versions/A/Resources/libFontRegistry.dylib
0x00007fff542ff000 	/System/Library/PrivateFrameworks/FontServices.framework/libhvf.dylib
0x00007fff41a84000 	/System/Library/Frameworks/OpenGL.framework/Versions/A/Libraries/libGFXShared.dylib
0x00007fff41c62000 	/System/Library/Frameworks/OpenGL.framework/Versions/A/Libraries/libGLU.dylib
0x00007fff41a8d000 	/System/Library/Frameworks/OpenGL.framework/Versions/A/Libraries/libGL.dylib
0x00007fff41a98000 	/System/Library/Frameworks/OpenGL.framework/Versions/A/Libraries/libGLImage.dylib
0x00007fff41a76000 	/System/Library/Frameworks/OpenGL.framework/Versions/A/Libraries/libCVMSPluginSupport.dylib
0x00007fff41a7f000 	/System/Library/Frameworks/OpenGL.framework/Versions/A/Libraries/libCoreVMClient.dylib
0x00007fff70279000 	/usr/lib/libncurses.5.4.dylib
0x00007fff35c1a000 	/System/Library/Frameworks/ApplicationServices.framework/Versions/A/Frameworks/ATS.framework/Versions/A/ATS
0x00007fff35de7000 	/System/Library/Frameworks/ApplicationServices.framework/Versions/A/Frameworks/ColorSyncLegacy.framework/Versions/A/ColorSyncLegacy
0x00007fff35e85000 	/System/Library/Frameworks/ApplicationServices.framework/Versions/A/Frameworks/HIServices.framework/Versions/A/HIServices
0x00007fff35edd000 	/System/Library/Frameworks/ApplicationServices.framework/Versions/A/Frameworks/LangAnalysis.framework/Versions/A/LangAnalysis
0x00007fff35eec000 	/System/Library/Frameworks/ApplicationServices.framework/Versions/A/Frameworks/PrintCore.framework/Versions/A/PrintCore
0x00007fff35f32000 	/System/Library/Frameworks/ApplicationServices.framework/Versions/A/Frameworks/QD.framework/Versions/A/QD
0x00007fff35f3d000 	/System/Library/Frameworks/ApplicationServices.framework/Versions/A/Frameworks/SpeechSynthesis.framework/Versions/A/SpeechSynthesis
0x00007fff35db7000 	/System/Library/Frameworks/ApplicationServices.framework/Versions/A/Frameworks/ATSUI.framework/Versions/A/ATSUI
0x00007fff6f6bd000 	/usr/lib/libcups.2.dylib
0x00007fff3c504000 	/System/Library/Frameworks/Kerberos.framework/Versions/A/Kerberos
0x00007fff3a645000 	/System/Library/Frameworks/GSS.framework/Versions/A/GSS
0x00007fff709fc000 	/usr/lib/libresolv.9.dylib
0x00007fff5a4d1000 	/System/Library/PrivateFrameworks/Heimdal.framework/Versions/A/Heimdal
0x00007fff3c517000 	/System/Library/Frameworks/Kerberos.framework/Versions/A/Libraries/libHeimdalProxy.dylib
0x00007fff6f864000 	/usr/lib/libheimdal-asn1.dylib
0x00007fff4e7d9000 	/System/Library/PrivateFrameworks/CommonAuth.framework/Versions/A/CommonAuth
0x00007fff4ba28000 	/System/Library/PrivateFrameworks/AssertionServices.framework/Versions/A/AssertionServices
0x00007fff4c5cb000 	/System/Library/PrivateFrameworks/AudioToolboxCore.framework/Versions/A/AudioToolboxCore
0x00007fff6b682000 	/System/Library/PrivateFrameworks/caulk.framework/Versions/A/caulk
0x00007fff4cb94000 	/System/Library/PrivateFrameworks/BaseBoard.framework/Versions/A/BaseBoard
0x00007fff63ccc000 	/System/Library/PrivateFrameworks/RunningBoardServices.framework/Versions/A/RunningBoardServices
0x00007fff60cdd000 	/System/Library/PrivateFrameworks/PersistentConnection.framework/Versions/A/PersistentConnection
0x00007fff636c5000 	/System/Library/PrivateFrameworks/ProtocolBuffer.framework/Versions/A/ProtocolBuffer
0x00007fff4e7fd000 	/System/Library/PrivateFrameworks/CommonUtilities.framework/Versions/A/CommonUtilities
0x00007fff4cd22000 	/System/Library/PrivateFrameworks/Bom.framework/Versions/A/Bom
0x00007fff6e4b8000 	/usr/lib/libAudioToolboxUtility.dylib
0x00007fff4caf2000 	/System/Library/PrivateFrameworks/Backup.framework/Versions/A/Backup
0x00007fff518cf000 	/System/Library/PrivateFrameworks/CrashReporterSupport.framework/Versions/A/CrashReporterSupport
0x00007fff6575e000 	/System/Library/PrivateFrameworks/Sharing.framework/Versions/A/Sharing
0x00007fff4b036000 	/System/Library/PrivateFrameworks/Apple80211.framework/Versions/A/Apple80211
0x00007fff4c80f000 	/System/Library/PrivateFrameworks/AuthKit.framework/Versions/A/AuthKit
0x00007fff515dc000 	/System/Library/PrivateFrameworks/CoreUtils.framework/Versions/A/CoreUtils
0x00007fff39bae000 	/System/Library/Frameworks/CoreWLAN.framework/Versions/A/CoreWLAN
0x00007fff3a7d2000 	/System/Library/Frameworks/IOBluetooth.framework/Versions/A/IOBluetooth
0x00007fff5e898000 	/System/Library/PrivateFrameworks/MobileKeyBag.framework/Versions/A/MobileKeyBag
0x00007fff503e1000 	/System/Library/PrivateFrameworks/CorePhoneNumbers.framework/Versions/A/CorePhoneNumbers
0x00007fff4b426000 	/System/Library/PrivateFrameworks/AppleIDAuthSupport.framework/Versions/A/AppleIDAuthSupport
0x00007fff3e506000 	/System/Library/Frameworks/Network.framework/Versions/A/Network
0x00007fff5cf66000 	/System/Library/PrivateFrameworks/KeychainCircle.framework/Versions/A/KeychainCircle
0x00007fff375ff000 	/System/Library/Frameworks/CoreBluetooth.framework/Versions/A/CoreBluetooth
0x00007fff677dd000 	/System/Library/PrivateFrameworks/SpeechRecognitionCore.framework/Versions/A/SpeechRecognitionCore
0x000000010f800000 	/Library/Java/JavaVirtualMachines/jdk1.8.0_271.jdk/Contents/Home/jre/lib/server/libjvm.dylib
0x000000010d751000 	/Library/Java/JavaVirtualMachines/jdk1.8.0_271.jdk/Contents/Home/jre/lib/libverify.dylib
0x000000010d762000 	/Library/Java/JavaVirtualMachines/jdk1.8.0_271.jdk/Contents/Home/jre/lib/libjava.dylib
0x000000010d7df000 	/Library/Java/JavaVirtualMachines/jdk1.8.0_271.jdk/Contents/Home/jre/lib/libzip.dylib
0x0000000114a55000 	/Library/Java/JavaVirtualMachines/jdk1.8.0_271.jdk/Contents/Home/jre/lib/libmanagement.dylib
0x0000000114c7b000 	/Library/Java/JavaVirtualMachines/jdk1.8.0_271.jdk/Contents/Home/jre/lib/libsunec.dylib
0x0000000114ca4000 	/Library/Java/JavaVirtualMachines/jdk1.8.0_271.jdk/Contents/Home/jre/lib/libnet.dylib
0x0000000114ed9000 	/Library/Java/JavaVirtualMachines/jdk1.8.0_271.jdk/Contents/Home/jre/lib/libnio.dylib
0x0000000116db1000 	/private/var/folders/6t/l0np86c92ms1b4f9rv94wxp40000gp/T/libnetty_transport_native_kqueue_x86_643522923041028418099.dylib

VM Arguments:
jvm_args: -Dfile.encoding=US-ASCII -Duser.country=IN -Duser.language=en -Duser.variant 
java_command: net.corda.samples.client.Starter --server.port=50007 --config.rpc.host=localhost --config.rpc.port=10006 --config.rpc.username=user1 --config.rpc.password=test
java_class_path (initial): /Users/ashutoshmeher/Corda/snakenladder/client/build/classes/java/main:/Users/ashutoshmeher/Corda/snakenladder/client/build/resources/main:/Users/ashutoshmeher/.gradle/caches/modules-2/files-2.1/net.corda/corda-rpc/4.6/91ef6ef398e75492043fe4b703923a5657bd6082/corda-rpc-4.6.jar:/Users/ashutoshmeher/Corda/snakenladder/workflows/build/libs/workflows-0.1.jar:/Users/ashutoshmeher/Corda/snakenladder/contracts/build/libs/contracts-0.1.jar:/Users/ashutoshmeher/.gradle/caches/modules-2/files-2.1/net.corda/corda-node-api/4.6/4674ed633c2339c86efd5303e270ba78d6b46b1f/corda-node-api-4.6.jar:/Users/ashutoshmeher/Corda/snakenladder/oracle-flows/build/libs/oracle-flows-0.1.jar:/Users/ashutoshmeher/.gradle/caches/modules-2/files-2.1/net.corda/corda-jackson/4.6/527b75a1389fb84c0a003dfc77549e46b8ce1e23/corda-jackson-4.6.jar:/Users/ashutoshmeher/.gradle/caches/modules-2/files-2.1/net.corda/corda-serialization/4.6/8f99c0e70efeb741f3d3c1652dc91e5e0eadcf75/corda-serialization-4.6.jar:/Users/ashutoshmeher/Corda/snakenladder/oracle-service/build/libs/oracle-service-0.1.jar:/Users/ashutoshmeher/.gradle/caches/modules-2/files-2.1/net.corda/corda-core/4.6/6e76ec8df62eabe6a9518b62cc8a21d75f8fdabe/corda-core-4.6.jar:/Users/ashutoshmeher/.gradle/caches/modules-2/files-2.1/net.corda/corda/4.6/505cbc7386b4ec9f6aba262950cdfd4266c28b4d/corda-4.6.jar:/Users/ashutoshmeher/.gradle/caches/modules-2/files-2.1/org.springframework.boot/spring-boot-starter-websocket/2.0.2.RELEASE/92df00f5f6e0248bd57ed68f6124957737adf9f0/spring-boot-starter-websocket-2.0.2.RELEASE.jar:/Users/ashutoshmeher/.gradle/caches/modules-2/files-2.1/org.springframework.boot/spring-boot-devtools/2.0.2.RELEASE/ed2b1c877b0c00ef7f961bd118e420a49de3c970/spring-boot-devtools-2.0.2.RELEASE.jar:/Users/ashutoshmeher/.gradle/caches/modules-2/files-2.1/org.apache.logging.log4j/log4j-slf4j-impl/2.11.2/4d44e4edc4a7fb39f09b95b09f560a15976fa1ba/log4j-slf4j-impl-2.11.2.jar:/Users/ashutoshmeher/.gradle/caches/modules-2/file
Launcher Type: SUN_STANDARD

Environment Variables:
PATH=/usr/local/bin:/usr/bin:/bin:/usr/sbin:/sbin
SHELL=/bin/zsh

Signal Handlers:
SIGSEGV: [libjvm.dylib+0x5a0dcb], sa_mask[0]=11111111011111110111111111111111, sa_flags=SA_ONSTACK|SA_RESTART|SA_SIGINFO
SIGBUS: [libjvm.dylib+0x5a0dcb], sa_mask[0]=11111111011111110111111111111111, sa_flags=SA_RESTART|SA_SIGINFO
SIGFPE: [libjvm.dylib+0x491731], sa_mask[0]=11111111011111110111111111111111, sa_flags=SA_RESTART|SA_SIGINFO
SIGPIPE: [libjvm.dylib+0x491731], sa_mask[0]=11111111011111110111111111111111, sa_flags=SA_RESTART|SA_SIGINFO
SIGXFSZ: [libjvm.dylib+0x491731], sa_mask[0]=11111111011111110111111111111111, sa_flags=SA_RESTART|SA_SIGINFO
SIGILL: [libjvm.dylib+0x491731], sa_mask[0]=11111111011111110111111111111111, sa_flags=SA_RESTART|SA_SIGINFO
SIGUSR1: SIG_DFL, sa_mask[0]=00000000000000000000000000000000, sa_flags=SA_RESTART
SIGUSR2: [libjvm.dylib+0x49202a], sa_mask[0]=00100000000000000000000000000000, sa_flags=SA_RESTART|SA_SIGINFO
SIGHUP: [libjvm.dylib+0x490239], sa_mask[0]=11111111011111110111111111111111, sa_flags=SA_RESTART|SA_SIGINFO
SIGINT: [libjvm.dylib+0x490239], sa_mask[0]=11111111011111110111111111111111, sa_flags=SA_RESTART|SA_SIGINFO
SIGTERM: [libjvm.dylib+0x490239], sa_mask[0]=11111111011111110111111111111111, sa_flags=SA_RESTART|SA_SIGINFO
SIGQUIT: [libjvm.dylib+0x490239], sa_mask[0]=11111111011111110111111111111111, sa_flags=SA_RESTART|SA_SIGINFO


---------------  S Y S T E M  ---------------

OS:Bsduname:Darwin 19.6.0 Darwin Kernel Version 19.6.0: Mon Aug 31 22:12:52 PDT 2020; root:xnu-6153.141.2~1/RELEASE_X86_64 x86_64
rlimit: STACK 8192k, CORE 0k, NPROC 2784, NOFILE 10240, AS infinity
load average:3.65 3.00 2.96

CPU:total 16 (initial active 16) (8 cores per cpu, 2 threads per core) family 6 model 158 stepping 13, cmov, cx8, fxsr, mmx, sse, sse2, sse3, ssse3, sse4.1, sse4.2, popcnt, avx, avx2, aes, clmul, erms, 3dnowpref, lzcnt, ht, tsc, tscinvbit, bmi1, bmi2, adx

Memory: 4k page, physical 16777216k(23704k free)

/proc/meminfo:


vm_info: Java HotSpot(TM) 64-Bit Server VM (25.271-b09) for bsd-amd64 JRE (1.8.0_271-b09), built on Sep 16 2020 16:54:38 by "java_re" with gcc 4.2.1 Compatible Apple LLVM 10.0.0 (clang-1000.11.45.5)

time: Wed Dec  9 16:58:36 2020
timezone: IST
elapsed time: 513.356125 seconds (0d 0h 8m 33s)

