#
# A fatal error has been detected by the Java Runtime Environment:
#
#  SIGBUS (0xa) at pc=0x000000010cec7a09, pid=58236, tid=0x000000000000820f
#
# JRE version: Java(TM) SE Runtime Environment (8.0_271-b09) (build 1.8.0_271-b09)
# Java VM: Java HotSpot(TM) 64-Bit Server VM (25.271-b09 mixed mode bsd-amd64 compressed oops)
# Problematic frame:
# C  [libzip.dylib+0x3a09]  newEntry+0x5d
#
# Failed to write core dump. Core dumps have been disabled. To enable core dumping, try "ulimit -c unlimited" before starting Java again
#
# If you would like to submit a bug report, please visit:
#   http://bugreport.java.com/bugreport/crash.jsp
# The crash happened outside the Java Virtual Machine in native code.
# See problematic frame for where to report the bug.
#

---------------  T H R E A D  ---------------

Current thread (0x00007fbdfe172800):  JavaThread "restartedMain" [_thread_in_native, id=33295, stack(0x0000700004b32000,0x0000700004c32000)]

siginfo: si_signo: 10 (SIGBUS), si_code: 2 (BUS_ADRERR), si_addr: 0x000000010cf385e7

Registers:
RAX=0x0000000000000000, RBX=0x0000000000000000, RCX=0x0000000000000000, RDX=0x000000000000000e
RSP=0x0000700004c2f770, RBP=0x0000700004c2f810, RSI=0x0000000000000005, RDI=0x000000010ce1a080
R8 =0x0000000000000001, R9 =0x000000000000000a, R10=0x0000700004c2f890, R11=0x00006ff893554ca0
R12=0x00007fbdf5ac8d20, R13=0x00007fbdf5911db0, R14=0x00007fbdf5912150, R15=0x000000010cf385cb
RIP=0x000000010cec7a09, EFLAGS=0x0000000000010202, ERR=0x0000000000000004
  TRAPNO=0x000000000000000e

Top of Stack: (sp=0x0000700004c2f770)
0x0000700004c2f770:   0000700004c2f790 000000010f3460d6
0x0000700004c2f780:   00000000ffffffff 00000000bd0080ae
0x0000700004c2f790:   0000700004c2f820 000000011ad927a7
0x0000700004c2f7a0:   0000700004c2f7c0 000000011ad927a7
0x0000700004c2f7b0:   00000006c01e6a40 00000000716da958
0x0000700004c2f7c0:   0000700004c2f7f0 000000010f46c8d3
0x0000700004c2f7d0:   000000010f74c898 00007fbdf5911db0
0x0000700004c2f7e0:   000000000000000a 000000009abdf3a1
0x0000700004c2f7f0:   000000000000000a 00007fbdfac43640
0x0000700004c2f800:   00007fbdf5911f40 0000000000000210
0x0000700004c2f810:   0000700004c2f870 000000010cec78ad
0x0000700004c2f820:   0000700004c2f840 0000700004c2f890
0x0000700004c2f830:   000000000000000b 0000000104c2f890
0x0000700004c2f840:   00007fbdf5911db0 000000000000000a
0x0000700004c2f850:   0000700004c2fce8 00007fbdfe1729f8
0x0000700004c2f860:   0000700004c2f890 00007fbdf5911db0
0x0000700004c2f870:   0000700004c2fcd0 000000010cec625a
0x0000700004c2f880:   00007fbdefd358e0 00000001e0d1b700
0x0000700004c2f890:   782e326a34676f6c 00007fbd00006c6d
0x0000700004c2f8a0:   00007fbdefebd520 00000001197293d8
0x0000700004c2f8b0:   00000007716da958 0000700004c2fdb0
0x0000700004c2f8c0:   000000011b07f24c 0000000000000000
0x0000700004c2f8d0:   0000700004c2fc28 000000011add8ba0
0x0000700004c2f8e0:   000000011ad9271f 0000700004c2fde0
0x0000700004c2f8f0:   000000011b07f24c 00000001197293d8
0x0000700004c2f900:   00007fbdfe172800 00000001197293d8
0x0000700004c2f910:   00007fbdfe172800 00000001197293d8
0x0000700004c2f920:   00007fbdfe172800 00000001197293d8
0x0000700004c2f930:   00007fbdefd358e0 0000000c197293d8
0x0000700004c2f940:   000000010f5cc9fd 0000000000000008
0x0000700004c2f950:   0000700004c2fa48 0000700004c2fc28
0x0000700004c2f960:   000000000000deab 000000000000000e 

Instructions: (pc=0x000000010cec7a09)
0x000000010cec79e9:   24 28 41 80 7d 30 00 89 5d ac 0f 84 e7 00 00 00
0x000000010cec79f9:   4d 8b 7d 18 4d 03 7e 08 4d 2b 7d 28 4c 89 6d c8
0x000000010cec7a09:   41 0f b6 47 1c 41 0f b6 77 1d c1 e6 08 09 c6 41
0x000000010cec7a19:   0f b6 47 1e 89 45 b8 41 0f b6 47 1f 89 45 b0 41 

Register to memory mapping:

RAX=0x0000000000000000 is an unknown value
RBX=0x0000000000000000 is an unknown value
RCX=0x0000000000000000 is an unknown value
RDX=0x000000000000000e is an unknown value
RSP=0x0000700004c2f770 is pointing into the stack for thread: 0x00007fbdfe172800
RBP=0x0000700004c2f810 is pointing into the stack for thread: 0x00007fbdfe172800
RSI=0x0000000000000005 is an unknown value
RDI=0x000000010ce1a080 is an unknown value
R8 =0x0000000000000001 is an unknown value
R9 =0x000000000000000a is an unknown value
R10=0x0000700004c2f890 is pointing into the stack for thread: 0x00007fbdfe172800
R11=0x00006ff893554ca0 is an unknown value
R12=0x00007fbdf5ac8d20 is an unknown value
R13=0x00007fbdf5911db0 is an unknown value
R14=0x00007fbdf5912150 is an unknown value
R15=0x000000010cf385cb is an unknown value


Stack: [0x0000700004b32000,0x0000700004c32000],  sp=0x0000700004c2f770,  free space=1013k
Native frames: (J=compiled Java code, j=interpreted, Vv=VM code, C=native code)
C  [libzip.dylib+0x3a09]  newEntry+0x5d
C  [libzip.dylib+0x38ad]  ZIP_GetEntry2+0x123
C  [libzip.dylib+0x225a]  Java_java_util_zip_ZipFile_getEntry+0x96
J 127  java.util.zip.ZipFile.getEntry(J[BZ)J (0 bytes) @ 0x000000011b08094e [0x000000011b080880+0xce]
J 1568 C2 java.util.jar.JarFile.getEntry(Ljava/lang/String;)Ljava/util/zip/ZipEntry; (22 bytes) @ 0x000000011b452d78 [0x000000011b452a00+0x378]
J 1134 C2 sun.misc.URLClassPath$JarLoader.getResource(Ljava/lang/String;Z)Lsun/misc/Resource; (85 bytes) @ 0x000000011b31a564 [0x000000011b31a4e0+0x84]
J 3127 C2 sun.misc.URLClassPath.findResource(Ljava/lang/String;Z)Ljava/net/URL; (47 bytes) @ 0x000000011b9e2ed4 [0x000000011b9e2a40+0x494]
J 2067 C1 java.net.URLClassLoader$2.run()Ljava/lang/Object; (5 bytes) @ 0x000000011b5a0654 [0x000000011b5a0540+0x114]
v  ~StubRoutines::call_stub
V  [libjvm.dylib+0x2d4795]  JavaCalls::call_helper(JavaValue*, methodHandle*, JavaCallArguments*, Thread*)+0x771
V  [libjvm.dylib+0x338512]  JVM_DoPrivileged+0x69c
J 838  java.security.AccessController.doPrivileged(Ljava/security/PrivilegedAction;Ljava/security/AccessControlContext;)Ljava/lang/Object; (0 bytes) @ 0x000000011b251ad5 [0x000000011b251a00+0xd5]
J 2065 C1 java.net.URLClassLoader.findResource(Ljava/lang/String;)Ljava/net/URL; (37 bytes) @ 0x000000011b5a6894 [0x000000011b5a6700+0x194]
J 2162 C1 java.lang.ClassLoader.getResource(Ljava/lang/String;)Ljava/net/URL; (36 bytes) @ 0x000000011b5ff024 [0x000000011b5feb60+0x4c4]
J 3224 C1 org.springframework.boot.devtools.restart.classloader.RestartClassLoader.getResource(Ljava/lang/String;)Ljava/net/URL; (48 bytes) @ 0x000000011ba09bdc [0x000000011ba09120+0xabc]
j  org.springframework.core.io.ClassPathResource.resolveURL()Ljava/net/URL;+34
j  org.springframework.core.io.ClassPathResource.exists()Z+1
j  org.springframework.boot.logging.AbstractLoggingSystem.findConfig([Ljava/lang/String;)Ljava/lang/String;+37
j  org.springframework.boot.logging.AbstractLoggingSystem.getSelfInitializationConfig()Ljava/lang/String;+5
j  org.springframework.boot.logging.AbstractLoggingSystem.initializeWithConventions(Lorg/springframework/boot/logging/LoggingInitializationContext;Lorg/springframework/boot/logging/LogFile;)V+1
j  org.springframework.boot.logging.AbstractLoggingSystem.initialize(Lorg/springframework/boot/logging/LoggingInitializationContext;Ljava/lang/String;Lorg/springframework/boot/logging/LogFile;)V+18
j  org.springframework.boot.logging.log4j2.Log4J2LoggingSystem.initialize(Lorg/springframework/boot/logging/LoggingInitializationContext;Ljava/lang/String;Lorg/springframework/boot/logging/LogFile;)V+33
j  org.springframework.boot.context.logging.LoggingApplicationListener.initializeSystem(Lorg/springframework/core/env/ConfigurableEnvironment;Lorg/springframework/boot/logging/LoggingSystem;Lorg/springframework/boot/logging/LogFile;)V+34
j  org.springframework.boot.context.logging.LoggingApplicationListener.initialize(Lorg/springframework/core/env/ConfigurableEnvironment;Ljava/lang/ClassLoader;)V+36
j  org.springframework.boot.context.logging.LoggingApplicationListener.onApplicationEnvironmentPreparedEvent(Lorg/springframework/boot/context/event/ApplicationEnvironmentPreparedEvent;)V+33
j  org.springframework.boot.context.logging.LoggingApplicationListener.onApplicationEvent(Lorg/springframework/context/ApplicationEvent;)V+30
j  org.springframework.context.event.SimpleApplicationEventMulticaster.doInvokeListener(Lorg/springframework/context/ApplicationListener;Lorg/springframework/context/ApplicationEvent;)V+2
j  org.springframework.context.event.SimpleApplicationEventMulticaster.invokeListener(Lorg/springframework/context/ApplicationListener;Lorg/springframework/context/ApplicationEvent;)V+34
j  org.springframework.context.event.SimpleApplicationEventMulticaster.multicastEvent(Lorg/springframework/context/ApplicationEvent;Lorg/springframework/core/ResolvableType;)V+83
j  org.springframework.context.event.SimpleApplicationEventMulticaster.multicastEvent(Lorg/springframework/context/ApplicationEvent;)V+7
j  org.springframework.boot.context.event.EventPublishingRunListener.environmentPrepared(Lorg/springframework/core/env/ConfigurableEnvironment;)V+20
j  org.springframework.boot.SpringApplicationRunListeners.environmentPrepared(Lorg/springframework/core/env/ConfigurableEnvironment;)V+31
j  org.springframework.boot.SpringApplication.prepareEnvironment(Lorg/springframework/boot/SpringApplicationRunListeners;Lorg/springframework/boot/ApplicationArguments;)Lorg/springframework/core/env/ConfigurableEnvironment;+18
j  org.springframework.boot.SpringApplication.run([Ljava/lang/String;)Lorg/springframework/context/ConfigurableApplicationContext;+54
j  net.corda.samples.client.Starter.main([Ljava/lang/String;)V+33
v  ~StubRoutines::call_stub
V  [libjvm.dylib+0x2d4795]  JavaCalls::call_helper(JavaValue*, methodHandle*, JavaCallArguments*, Thread*)+0x771
V  [libjvm.dylib+0x4da0e7]  Reflection::invoke(instanceKlassHandle, methodHandle, Handle, bool, objArrayHandle, BasicType, objArrayHandle, bool, Thread*)+0x75b
V  [libjvm.dylib+0x4dadb6]  Reflection::invoke_method(oopDesc*, Handle, objArrayHandle, Thread*)+0x186
V  [libjvm.dylib+0x3463bd]  JVM_InvokeMethod+0x211
J 2712  sun.reflect.NativeMethodAccessorImpl.invoke0(Ljava/lang/reflect/Method;Ljava/lang/Object;[Ljava/lang/Object;)Ljava/lang/Object; (0 bytes) @ 0x000000011b79866d [0x000000011b798580+0xed]
J 2711 C1 sun.reflect.NativeMethodAccessorImpl.invoke(Ljava/lang/Object;[Ljava/lang/Object;)Ljava/lang/Object; (104 bytes) @ 0x000000011b7b7c5c [0x000000011b7b6a80+0x11dc]
J 5916 C2 sun.reflect.DelegatingMethodAccessorImpl.invoke(Ljava/lang/Object;[Ljava/lang/Object;)Ljava/lang/Object; (10 bytes) @ 0x000000011b64ee28 [0x000000011b64ede0+0x48]
J 5233 C1 java.lang.reflect.Method.invoke(Ljava/lang/Object;[Ljava/lang/Object;)Ljava/lang/Object; (62 bytes) @ 0x000000011c24645c [0x000000011c246060+0x3fc]
j  org.springframework.boot.devtools.restart.RestartLauncher.run()V+41
v  ~StubRoutines::call_stub
V  [libjvm.dylib+0x2d4795]  JavaCalls::call_helper(JavaValue*, methodHandle*, JavaCallArguments*, Thread*)+0x771
V  [libjvm.dylib+0x2d3460]  JavaCalls::call_virtual(JavaValue*, KlassHandle, Symbol*, Symbol*, JavaCallArguments*, Thread*)+0x14a
V  [libjvm.dylib+0x2d367b]  JavaCalls::call_virtual(JavaValue*, Handle, KlassHandle, Symbol*, Symbol*, Thread*)+0x57
V  [libjvm.dylib+0x341cf5]  thread_entry(JavaThread*, Thread*)+0x78
V  [libjvm.dylib+0x564226]  JavaThread::thread_main_inner()+0x82
V  [libjvm.dylib+0x5640eb]  JavaThread::run()+0x19d
V  [libjvm.dylib+0x48f359]  java_start(Thread*)+0xfa
C  [libsystem_pthread.dylib+0x6109]  _pthread_start+0x94
C  [libsystem_pthread.dylib+0x1b8b]  thread_start+0xf
C  0x0000000000000000

Java frames: (J=compiled Java code, j=interpreted, Vv=VM code)
J 127  java.util.zip.ZipFile.getEntry(J[BZ)J (0 bytes) @ 0x000000011b0808d8 [0x000000011b080880+0x58]
J 1568 C2 java.util.jar.JarFile.getEntry(Ljava/lang/String;)Ljava/util/zip/ZipEntry; (22 bytes) @ 0x000000011b452d78 [0x000000011b452a00+0x378]
J 1134 C2 sun.misc.URLClassPath$JarLoader.getResource(Ljava/lang/String;Z)Lsun/misc/Resource; (85 bytes) @ 0x000000011b31a564 [0x000000011b31a4e0+0x84]
J 3127 C2 sun.misc.URLClassPath.findResource(Ljava/lang/String;Z)Ljava/net/URL; (47 bytes) @ 0x000000011b9e2ed4 [0x000000011b9e2a40+0x494]
J 2067 C1 java.net.URLClassLoader$2.run()Ljava/lang/Object; (5 bytes) @ 0x000000011b5a0654 [0x000000011b5a0540+0x114]
v  ~StubRoutines::call_stub
J 838  java.security.AccessController.doPrivileged(Ljava/security/PrivilegedAction;Ljava/security/AccessControlContext;)Ljava/lang/Object; (0 bytes) @ 0x000000011b251a63 [0x000000011b251a00+0x63]
J 2065 C1 java.net.URLClassLoader.findResource(Ljava/lang/String;)Ljava/net/URL; (37 bytes) @ 0x000000011b5a6894 [0x000000011b5a6700+0x194]
J 2162 C1 java.lang.ClassLoader.getResource(Ljava/lang/String;)Ljava/net/URL; (36 bytes) @ 0x000000011b5ff024 [0x000000011b5feb60+0x4c4]
J 3224 C1 org.springframework.boot.devtools.restart.classloader.RestartClassLoader.getResource(Ljava/lang/String;)Ljava/net/URL; (48 bytes) @ 0x000000011ba09bdc [0x000000011ba09120+0xabc]
j  org.springframework.core.io.ClassPathResource.resolveURL()Ljava/net/URL;+34
j  org.springframework.core.io.ClassPathResource.exists()Z+1
j  org.springframework.boot.logging.AbstractLoggingSystem.findConfig([Ljava/lang/String;)Ljava/lang/String;+37
j  org.springframework.boot.logging.AbstractLoggingSystem.getSelfInitializationConfig()Ljava/lang/String;+5
j  org.springframework.boot.logging.AbstractLoggingSystem.initializeWithConventions(Lorg/springframework/boot/logging/LoggingInitializationContext;Lorg/springframework/boot/logging/LogFile;)V+1
j  org.springframework.boot.logging.AbstractLoggingSystem.initialize(Lorg/springframework/boot/logging/LoggingInitializationContext;Ljava/lang/String;Lorg/springframework/boot/logging/LogFile;)V+18
j  org.springframework.boot.logging.log4j2.Log4J2LoggingSystem.initialize(Lorg/springframework/boot/logging/LoggingInitializationContext;Ljava/lang/String;Lorg/springframework/boot/logging/LogFile;)V+33
j  org.springframework.boot.context.logging.LoggingApplicationListener.initializeSystem(Lorg/springframework/core/env/ConfigurableEnvironment;Lorg/springframework/boot/logging/LoggingSystem;Lorg/springframework/boot/logging/LogFile;)V+34
j  org.springframework.boot.context.logging.LoggingApplicationListener.initialize(Lorg/springframework/core/env/ConfigurableEnvironment;Ljava/lang/ClassLoader;)V+36
j  org.springframework.boot.context.logging.LoggingApplicationListener.onApplicationEnvironmentPreparedEvent(Lorg/springframework/boot/context/event/ApplicationEnvironmentPreparedEvent;)V+33
j  org.springframework.boot.context.logging.LoggingApplicationListener.onApplicationEvent(Lorg/springframework/context/ApplicationEvent;)V+30
j  org.springframework.context.event.SimpleApplicationEventMulticaster.doInvokeListener(Lorg/springframework/context/ApplicationListener;Lorg/springframework/context/ApplicationEvent;)V+2
j  org.springframework.context.event.SimpleApplicationEventMulticaster.invokeListener(Lorg/springframework/context/ApplicationListener;Lorg/springframework/context/ApplicationEvent;)V+34
j  org.springframework.context.event.SimpleApplicationEventMulticaster.multicastEvent(Lorg/springframework/context/ApplicationEvent;Lorg/springframework/core/ResolvableType;)V+83
j  org.springframework.context.event.SimpleApplicationEventMulticaster.multicastEvent(Lorg/springframework/context/ApplicationEvent;)V+7
j  org.springframework.boot.context.event.EventPublishingRunListener.environmentPrepared(Lorg/springframework/core/env/ConfigurableEnvironment;)V+20
j  org.springframework.boot.SpringApplicationRunListeners.environmentPrepared(Lorg/springframework/core/env/ConfigurableEnvironment;)V+31
j  org.springframework.boot.SpringApplication.prepareEnvironment(Lorg/springframework/boot/SpringApplicationRunListeners;Lorg/springframework/boot/ApplicationArguments;)Lorg/springframework/core/env/ConfigurableEnvironment;+18
j  org.springframework.boot.SpringApplication.run([Ljava/lang/String;)Lorg/springframework/context/ConfigurableApplicationContext;+54
j  net.corda.samples.client.Starter.main([Ljava/lang/String;)V+33
v  ~StubRoutines::call_stub
J 2712  sun.reflect.NativeMethodAccessorImpl.invoke0(Ljava/lang/reflect/Method;Ljava/lang/Object;[Ljava/lang/Object;)Ljava/lang/Object; (0 bytes) @ 0x000000011b7985f7 [0x000000011b798580+0x77]
J 2711 C1 sun.reflect.NativeMethodAccessorImpl.invoke(Ljava/lang/Object;[Ljava/lang/Object;)Ljava/lang/Object; (104 bytes) @ 0x000000011b7b7c5c [0x000000011b7b6a80+0x11dc]
J 5916 C2 sun.reflect.DelegatingMethodAccessorImpl.invoke(Ljava/lang/Object;[Ljava/lang/Object;)Ljava/lang/Object; (10 bytes) @ 0x000000011b64ee28 [0x000000011b64ede0+0x48]
J 5233 C1 java.lang.reflect.Method.invoke(Ljava/lang/Object;[Ljava/lang/Object;)Ljava/lang/Object; (62 bytes) @ 0x000000011c24645c [0x000000011c246060+0x3fc]
j  org.springframework.boot.devtools.restart.RestartLauncher.run()V+41
v  ~StubRoutines::call_stub

---------------  P R O C E S S  ---------------

Java Threads: ( => current thread )
=>0x00007fbdfe172800 JavaThread "restartedMain" [_thread_in_native, id=33295, stack(0x0000700004b32000,0x0000700004c32000)]
  0x00007fbdfb04b800 JavaThread "Thread-6" [_thread_blocked, id=25863, stack(0x0000700005247000,0x0000700005347000)]
  0x00007fbdf623d800 JavaThread "Thread-4 (ActiveMQ-client-factory-pinger-threads-150045121)" daemon [_thread_blocked, id=35855, stack(0x0000700005144000,0x0000700005244000)]
  0x00007fbde7831800 JavaThread "Thread-3 (ActiveMQ-client-factory-pinger-threads-150045121)" daemon [_thread_blocked, id=30735, stack(0x0000700004a2f000,0x0000700004b2f000)]
  0x00007fbde6808800 JavaThread "Thread-2 (ActiveMQ-client-factory-pinger-threads-150045121)" daemon [_thread_blocked, id=17163, stack(0x000070000492c000,0x0000700004a2c000)]
  0x00007fbde7830000 JavaThread "rpc-client-observation-pool-1" daemon [_thread_blocked, id=39947, stack(0x0000700004829000,0x0000700004929000)]
  0x00007fbdf602d000 JavaThread "rpc-client-observation-pool-0" daemon [_thread_blocked, id=39435, stack(0x0000700004726000,0x0000700004826000)]
  0x00007fbdf8239000 JavaThread "DestroyJavaVM" [_thread_blocked, id=3587, stack(0x00007000025c0000,0x00007000026c0000)]
  0x00007fbdf6665000 JavaThread "Live Reload Server" daemon [_thread_in_native, id=37131, stack(0x0000700005550000,0x0000700005650000)]
  0x00007fbdf29ce800 JavaThread "rpc-client-sender-0" daemon [_thread_blocked, id=32267, stack(0x000070000534a000,0x000070000544a000)]
  0x00007fbdf65b5800 JavaThread "Thread-1 (ActiveMQ-client-factory-pinger-threads-150045121)" daemon [_thread_blocked, id=36363, stack(0x0000700005041000,0x0000700005141000)]
  0x00007fbdf235e000 JavaThread "Thread-0 (ActiveMQ-client-factory-pinger-threads-150045121)" daemon [_thread_blocked, id=26891, stack(0x0000700004f3e000,0x000070000503e000)]
  0x00007fbdf17e6000 JavaThread "KQueueEventLoopGroup-2-1" [_thread_in_native, id=34571, stack(0x0000700004e3b000,0x0000700004f3b000)]
  0x00007fbdfe121000 JavaThread "rpc-client-reaper-0" daemon [_thread_blocked, id=32011, stack(0x0000700004d38000,0x0000700004e38000)]
  0x00007fbdf1031000 JavaThread "Service Thread" daemon [_thread_blocked, id=41475, stack(0x0000700004520000,0x0000700004620000)]
  0x00007fbdf0066800 JavaThread "C1 CompilerThread11" daemon [_thread_blocked, id=25091, stack(0x000070000441d000,0x000070000451d000)]
  0x00007fbdf0853000 JavaThread "C1 CompilerThread10" daemon [_thread_blocked, id=24835, stack(0x000070000431a000,0x000070000441a000)]
  0x00007fbdf0066000 JavaThread "C1 CompilerThread9" daemon [_thread_blocked, id=42243, stack(0x0000700004217000,0x0000700004317000)]
  0x00007fbdf7009000 JavaThread "C1 CompilerThread8" daemon [_thread_blocked, id=24323, stack(0x0000700004114000,0x0000700004214000)]
  0x00007fbdf7008800 JavaThread "C2 CompilerThread7" daemon [_thread_blocked, id=42755, stack(0x0000700004011000,0x0000700004111000)]
  0x00007fbdf2013000 JavaThread "C2 CompilerThread6" daemon [_thread_blocked, id=43011, stack(0x0000700003f0e000,0x000070000400e000)]
  0x00007fbdf0055000 JavaThread "C2 CompilerThread5" daemon [_thread_blocked, id=23811, stack(0x0000700003e0b000,0x0000700003f0b000)]
  0x00007fbdf004c800 JavaThread "C2 CompilerThread4" daemon [_thread_blocked, id=23299, stack(0x0000700003d08000,0x0000700003e08000)]
  0x00007fbdf6822800 JavaThread "C2 CompilerThread3" daemon [_thread_blocked, id=22787, stack(0x0000700003c05000,0x0000700003d05000)]
  0x00007fbdf1021000 JavaThread "C2 CompilerThread2" daemon [_thread_blocked, id=22275, stack(0x0000700003b02000,0x0000700003c02000)]
  0x00007fbdf6822000 JavaThread "C2 CompilerThread1" daemon [_thread_blocked, id=21763, stack(0x00007000039ff000,0x0000700003aff000)]
  0x00007fbdf6820000 JavaThread "C2 CompilerThread0" daemon [_thread_in_native, id=15619, stack(0x00007000038fc000,0x00007000039fc000)]
  0x00007fbdf681f800 JavaThread "Signal Dispatcher" daemon [_thread_blocked, id=15107, stack(0x00007000037f9000,0x00007000038f9000)]
  0x00007fbdf101e000 JavaThread "Finalizer" daemon [_thread_blocked, id=18947, stack(0x00007000035f0000,0x00007000036f0000)]
  0x00007fbdf1022000 JavaThread "Reference Handler" daemon [_thread_blocked, id=13827, stack(0x00007000034ed000,0x00007000035ed000)]

Other Threads:
  0x00007fbdf2831800 VMThread [stack: 0x00007000033ea000,0x00007000034ea000] [id=13571]
  0x00007fbdf0071800 WatcherThread [stack: 0x0000700004623000,0x0000700004723000] [id=40963]

VM state:not at safepoint (normal execution)

VM Mutex/Monitor currently owned by a thread: None

heap address: 0x00000006c0000000, size: 4096 MB, Compressed Oops mode: Zero based, Oop shift amount: 3
Narrow klass base: 0x0000000000000000, Narrow klass shift: 3
Compressed class space size: 1073741824 Address: 0x00000007c0000000

Heap:
 PSYoungGen      total 1331200K, used 111732K [0x000000076ab00000, 0x00000007c0000000, 0x00000007c0000000)
  eden space 1264128K, 8% used [0x000000076ab00000,0x000000077181d180,0x00000007b7d80000)
  from space 67072K, 0% used [0x00000007bbe80000,0x00000007bbe80000,0x00000007c0000000)
  to   space 66560K, 0% used [0x00000007b7d80000,0x00000007b7d80000,0x00000007bbe80000)
 ParOldGen       total 192512K, used 39084K [0x00000006c0000000, 0x00000006cbc00000, 0x000000076ab00000)
  object space 192512K, 20% used [0x00000006c0000000,0x00000006c262b058,0x00000006cbc00000)
 Metaspace       used 61063K, capacity 62928K, committed 62976K, reserved 1103872K
  class space    used 7795K, capacity 8154K, committed 8192K, reserved 1048576K

Card table byte_map: [0x00000001101ce000,0x00000001109cf000] byte_map_base: 0x000000010cbce000

Marking Bits: (ParMarkBitMap*) 0x000000010f729768
 Begin Bits: [0x0000000110f25000, 0x0000000114f25000)
 End Bits:   [0x0000000114f25000, 0x0000000118f25000)

Polling page: 0x000000010ce7a000

CodeCache: size=245760Kb used=21805Kb max_used=22310Kb free=223954Kb
 bounds [0x000000011ad92000, 0x000000011c462000, 0x0000000129d92000]
 total_blobs=6328 nmethods=5656 adapters=581
 compilation: enabled

Compilation events (10 events):
Event: 122.040 Thread 0x00007fbdf0853000 nmethod 6808 0x000000011b20e650 code [0x000000011b20e7c0, 0x000000011b20e990]
Event: 122.041 Thread 0x00007fbdf0853000 6809       3       java.util.stream.MatchOps$2MatchSink::accept (44 bytes)
Event: 122.041 Thread 0x00007fbdf7009000 nmethod 6806 0x000000011bdcad50 code [0x000000011bdcaf20, 0x000000011bdcb688]
Event: 122.041 Thread 0x00007fbdf7009000 6810       3       org.springframework.boot.context.properties.source.SystemEnvironmentPropertyMapper$$Lambda$117/1615698443::test (5 bytes)
Event: 122.041 Thread 0x00007fbdf0853000 nmethod 6809 0x000000011b20e110 code [0x000000011b20e280, 0x000000011b20e568]
Event: 122.041 Thread 0x00007fbdf7009000 nmethod 6810 0x000000011bdca6d0 code [0x000000011bdca860, 0x000000011bdcabb8]
Event: 122.042 Thread 0x00007fbdf0066000 nmethod 6804 0x000000011c124b90 code [0x000000011c124e60, 0x000000011c1263c8]
Event: 122.042 Thread 0x00007fbdf0066800 nmethod 6805 0x000000011b21ff10 code [0x000000011b2201c0, 0x000000011b2214f8]
Event: 122.044 Thread 0x00007fbdf0853000 6811       3       org.springframework.core.env.PropertySource$StubPropertySource::getProperty (6 bytes)
Event: 122.045 Thread 0x00007fbdf0853000 nmethod 6811 0x000000011b20dd10 code [0x000000011b20de80, 0x000000011b20e088]

GC Heap History (10 events):
Event: 3.576 GC heap before
{Heap before GC invocations=12 (full 2):
 PSYoungGen      total 796160K, used 796144K [0x000000076ab00000, 0x00000007b3a80000, 0x00000007c0000000)
  eden space 752640K, 100% used [0x000000076ab00000,0x0000000798a00000,0x0000000798a00000)
  from space 43520K, 99% used [0x0000000798a00000,0x000000079b47c0f8,0x000000079b480000)
  to   space 59392K, 0% used [0x00000007b0080000,0x00000007b0080000,0x00000007b3a80000)
 ParOldGen       total 133632K, used 72048K [0x00000006c0000000, 0x00000006c8280000, 0x000000076ab00000)
  object space 133632K, 53% used [0x00000006c0000000,0x00000006c465c088,0x00000006c8280000)
 Metaspace       used 42697K, capacity 44092K, committed 44288K, reserved 1087488K
  class space    used 5292K, capacity 5580K, committed 5632K, reserved 1048576K
Event: 3.608 GC heap after
Heap after GC invocations=12 (full 2):
 PSYoungGen      total 1132544K, used 43689K [0x000000076ab00000, 0x00000007b5c80000, 0x00000007c0000000)
  eden space 1073152K, 0% used [0x000000076ab00000,0x000000076ab00000,0x00000007ac300000)
  from space 59392K, 73% used [0x00000007b0080000,0x00000007b2b2a478,0x00000007b3a80000)
  to   space 62976K, 0% used [0x00000007ac300000,0x00000007ac300000,0x00000007b0080000)
 ParOldGen       total 133632K, used 103702K [0x00000006c0000000, 0x00000006c8280000, 0x000000076ab00000)
  object space 133632K, 77% used [0x00000006c0000000,0x00000006c6545928,0x00000006c8280000)
 Metaspace       used 42697K, capacity 44092K, committed 44288K, reserved 1087488K
  class space    used 5292K, capacity 5580K, committed 5632K, reserved 1048576K
}
Event: 16.397 GC heap before
{Heap before GC invocations=13 (full 2):
 PSYoungGen      total 1132544K, used 460860K [0x000000076ab00000, 0x00000007b5c80000, 0x00000007c0000000)
  eden space 1073152K, 38% used [0x000000076ab00000,0x0000000784264d80,0x00000007ac300000)
  from space 59392K, 73% used [0x00000007b0080000,0x00000007b2b2a478,0x00000007b3a80000)
  to   space 62976K, 0% used [0x00000007ac300000,0x00000007ac300000,0x00000007b0080000)
 ParOldGen       total 133632K, used 103702K [0x00000006c0000000, 0x00000006c8280000, 0x000000076ab00000)
  object space 133632K, 77% used [0x00000006c0000000,0x00000006c6545928,0x00000006c8280000)
 Metaspace       used 57273K, capacity 58976K, committed 59136K, reserved 1101824K
  class space    used 7251K, capacity 7596K, committed 7680K, reserved 1048576K
Event: 16.428 GC heap after
Heap after GC invocations=13 (full 2):
 PSYoungGen      total 1136128K, used 46653K [0x000000076ab00000, 0x00000007c0000000, 0x00000007c0000000)
  eden space 1073152K, 0% used [0x000000076ab00000,0x000000076ab00000,0x00000007ac300000)
  from space 62976K, 74% used [0x00000007ac300000,0x00000007af08f678,0x00000007b0080000)
  to   space 67072K, 0% used [0x00000007bbe80000,0x00000007bbe80000,0x00000007c0000000)
 ParOldGen       total 133632K, used 120694K [0x00000006c0000000, 0x00000006c8280000, 0x000000076ab00000)
  object space 133632K, 90% used [0x00000006c0000000,0x00000006c75dd958,0x00000006c8280000)
 Metaspace       used 57273K, capacity 58976K, committed 59136K, reserved 1101824K
  class space    used 7251K, capacity 7596K, committed 7680K, reserved 1048576K
}
Event: 16.428 GC heap before
{Heap before GC invocations=14 (full 3):
 PSYoungGen      total 1136128K, used 46653K [0x000000076ab00000, 0x00000007c0000000, 0x00000007c0000000)
  eden space 1073152K, 0% used [0x000000076ab00000,0x000000076ab00000,0x00000007ac300000)
  from space 62976K, 74% used [0x00000007ac300000,0x00000007af08f678,0x00000007b0080000)
  to   space 67072K, 0% used [0x00000007bbe80000,0x00000007bbe80000,0x00000007c0000000)
 ParOldGen       total 133632K, used 120694K [0x00000006c0000000, 0x00000006c8280000, 0x000000076ab00000)
  object space 133632K, 90% used [0x00000006c0000000,0x00000006c75dd958,0x00000006c8280000)
 Metaspace       used 57273K, capacity 58976K, committed 59136K, reserved 1101824K
  class space    used 7251K, capacity 7596K, committed 7680K, reserved 1048576K
Event: 16.511 GC heap after
Heap after GC invocations=14 (full 3):
 PSYoungGen      total 1136128K, used 0K [0x000000076ab00000, 0x00000007c0000000, 0x00000007c0000000)
  eden space 1073152K, 0% used [0x000000076ab00000,0x000000076ab00000,0x00000007ac300000)
  from space 62976K, 0% used [0x00000007ac300000,0x00000007ac300000,0x00000007b0080000)
  to   space 67072K, 0% used [0x00000007bbe80000,0x00000007bbe80000,0x00000007c0000000)
 ParOldGen       total 192512K, used 44698K [0x00000006c0000000, 0x00000006cbc00000, 0x000000076ab00000)
  object space 192512K, 23% used [0x00000006c0000000,0x00000006c2ba6810,0x00000006cbc00000)
 Metaspace       used 57273K, capacity 58976K, committed 59136K, reserved 1101824K
  class space    used 7251K, capacity 7596K, committed 7680K, reserved 1048576K
}
Event: 121.358 GC heap before
{Heap before GC invocations=15 (full 3):
 PSYoungGen      total 1136128K, used 109964K [0x000000076ab00000, 0x00000007c0000000, 0x00000007c0000000)
  eden space 1073152K, 10% used [0x000000076ab00000,0x00000007716633a8,0x00000007ac300000)
  from space 62976K, 0% used [0x00000007ac300000,0x00000007ac300000,0x00000007b0080000)
  to   space 67072K, 0% used [0x00000007bbe80000,0x00000007bbe80000,0x00000007c0000000)
 ParOldGen       total 192512K, used 44698K [0x00000006c0000000, 0x00000006cbc00000, 0x000000076ab00000)
  object space 192512K, 23% used [0x00000006c0000000,0x00000006c2ba6810,0x00000006cbc00000)
 Metaspace       used 61006K, capacity 62848K, committed 62976K, reserved 1103872K
  class space    used 7793K, capacity 8151K, committed 8192K, reserved 1048576K
Event: 121.368 GC heap after
Heap after GC invocations=15 (full 3):
 PSYoungGen      total 1331200K, used 7063K [0x000000076ab00000, 0x00000007c0000000, 0x00000007c0000000)
  eden space 1264128K, 0% used [0x000000076ab00000,0x000000076ab00000,0x00000007b7d80000)
  from space 67072K, 10% used [0x00000007bbe80000,0x00000007bc565e78,0x00000007c0000000)
  to   space 66560K, 0% used [0x00000007b7d80000,0x00000007b7d80000,0x00000007bbe80000)
 ParOldGen       total 192512K, used 44706K [0x00000006c0000000, 0x00000006cbc00000, 0x000000076ab00000)
  object space 192512K, 23% used [0x00000006c0000000,0x00000006c2ba8810,0x00000006cbc00000)
 Metaspace       used 61006K, capacity 62848K, committed 62976K, reserved 1103872K
  class space    used 7793K, capacity 8151K, committed 8192K, reserved 1048576K
}
Event: 121.368 GC heap before
{Heap before GC invocations=16 (full 4):
 PSYoungGen      total 1331200K, used 7063K [0x000000076ab00000, 0x00000007c0000000, 0x00000007c0000000)
  eden space 1264128K, 0% used [0x000000076ab00000,0x000000076ab00000,0x00000007b7d80000)
  from space 67072K, 10% used [0x00000007bbe80000,0x00000007bc565e78,0x00000007c0000000)
  to   space 66560K, 0% used [0x00000007b7d80000,0x00000007b7d80000,0x00000007bbe80000)
 ParOldGen       total 192512K, used 44706K [0x00000006c0000000, 0x00000006cbc00000, 0x000000076ab00000)
  object space 192512K, 23% used [0x00000006c0000000,0x00000006c2ba8810,0x00000006cbc00000)
 Metaspace       used 61006K, capacity 62848K, committed 62976K, reserved 1103872K
  class space    used 7793K, capacity 8151K, committed 8192K, reserved 1048576K
Event: 121.682 GC heap after
Heap after GC invocations=16 (full 4):
 PSYoungGen      total 1331200K, used 0K [0x000000076ab00000, 0x00000007c0000000, 0x00000007c0000000)
  eden space 1264128K, 0% used [0x000000076ab00000,0x000000076ab00000,0x00000007b7d80000)
  from space 67072K, 0% used [0x00000007bbe80000,0x00000007bbe80000,0x00000007c0000000)
  to   space 66560K, 0% used [0x00000007b7d80000,0x00000007b7d80000,0x00000007bbe80000)
 ParOldGen       total 192512K, used 39084K [0x00000006c0000000, 0x00000006cbc00000, 0x000000076ab00000)
  object space 192512K, 20% used [0x00000006c0000000,0x00000006c262b058,0x00000006cbc00000)
 Metaspace       used 61006K, capacity 62848K, committed 62976K, reserved 1103872K
  class space    used 7793K, capacity 8151K, committed 8192K, reserved 1048576K
}

Deoptimization events (10 events):
Event: 27.689 Thread 0x00007fbdf044a000 Uncommon trap: reason=class_check action=maybe_recompile pc=0x000000011b5e4f50 method=java.lang.ClassLoader.loadClass(Ljava/lang/String;Z)Ljava/lang/Class; @ 38
Event: 27.794 Thread 0x00007fbdf044a000 Uncommon trap: reason=unstable_if action=reinterpret pc=0x000000011c1c7e58 method=java.util.EnumMap.isValidKey(Ljava/lang/Object;)Z @ 16
Event: 31.737 Thread 0x00007fbdfcbc0000 Uncommon trap: reason=unstable_if action=reinterpret pc=0x000000011bf8e104 method=java.nio.Buffer.limit(I)Ljava/nio/Buffer; @ 30
Event: 31.739 Thread 0x00007fbdfcbc0000 Uncommon trap: reason=unstable_if action=reinterpret pc=0x000000011c35ae3c method=java.lang.Package.isSealed()Z @ 4
Event: 121.322 Thread 0x00007fbdfb04b800 Uncommon trap: reason=class_check action=maybe_recompile pc=0x000000011c077324 method=java.util.Properties$LineReader.readLine()I @ 62
Event: 121.323 Thread 0x00007fbdfb04b800 Uncommon trap: reason=class_check action=maybe_recompile pc=0x000000011c077364 method=java.util.Properties$LineReader.readLine()I @ 410
Event: 121.323 Thread 0x00007fbdfb04b800 Uncommon trap: reason=class_check action=maybe_recompile pc=0x000000011c077324 method=java.util.Properties$LineReader.readLine()I @ 62
Event: 121.323 Thread 0x00007fbdfb04b800 Uncommon trap: reason=unstable_if action=reinterpret pc=0x000000011b52276c method=java.net.URI$Parser.scan(IIJJ)I @ 39
Event: 121.337 Thread 0x00007fbdf90b5000 Uncommon trap: reason=unstable_if action=reinterpret pc=0x000000011b16ca48 method=java.lang.AbstractStringBuilder.append(Ljava/lang/String;)Ljava/lang/AbstractStringBuilder; @ 1
Event: 121.997 Thread 0x00007fbdfe172800 Uncommon trap: reason=unstable_if action=reinterpret pc=0x000000011b0c3ac0 method=java.util.EnumMap.put(Ljava/lang/Enum;Ljava/lang/Object;)Ljava/lang/Object; @ 31

Classes redefined (0 events):
No events

Internal exceptions (10 events):
Event: 16.556 Thread 0x00007fbdf0290000 Exception <a 'java/lang/ClassNotFoundException': org/springframework/web/servlet/support/AbstractFlashMapManagerCustomizer> (0x000000076bfb1118) thrown at [/jenkins/workspace/8-2-build-macosx-x86_64/jdk8u271/605/hotspot/src/share/vm/classfile/systemDictio
Event: 16.556 Thread 0x00007fbdf0290000 Exception <a 'java/lang/ClassNotFoundException': org/springframework/web/servlet/support/SessionFlashMapManagerCustomizer> (0x000000076bfeb130) thrown at [/jenkins/workspace/8-2-build-macosx-x86_64/jdk8u271/605/hotspot/src/share/vm/classfile/systemDiction
Event: 16.557 Thread 0x00007fbdf0290000 Exception <a 'java/lang/ClassNotFoundException': org/springframework/web/servlet/FlashMapManagerCustomizer> (0x000000076c018d70) thrown at [/jenkins/workspace/8-2-build-macosx-x86_64/jdk8u271/605/hotspot/src/share/vm/classfile/systemDictionary.cpp, line 2
Event: 16.569 Thread 0x00007fbdf0290000 Exception <a 'java/lang/NoSuchMethodError': java.lang.Object.lambda$thenComparing$36697e65$1(Ljava/util/Comparator;Ljava/lang/Object;Ljava/lang/Object;)I> (0x000000076c255ba8) thrown at [/jenkins/workspace/8-2-build-macosx-x86_64/jdk8u271/605/hotspot/src/
Event: 27.656 Thread 0x00007fbdfcc0f800 Implicit null exception at 0x000000011c3ff55d to 0x000000011c409c2d
Event: 27.677 Thread 0x00007fbdfcc0f800 Exception <a 'java/lang/ClassNotFoundException': java/lang/Object[]> (0x000000076d169a40) thrown at [/jenkins/workspace/8-2-build-macosx-x86_64/jdk8u271/605/hotspot/src/share/vm/prims/jni.cpp, line 737]
Event: 121.327 Thread 0x00007fbdf656d800 Exception <a 'java/lang/InterruptedException': sleep interrupted> (0x000000076f9d79e0) thrown at [/jenkins/workspace/8-2-build-macosx-x86_64/jdk8u271/605/hotspot/src/share/vm/prims/jvm.cpp, line 3346]
Event: 121.337 Thread 0x00007fbdf90b5000 Implicit null exception at 0x000000011b16c675 to 0x000000011b16ca35
Event: 121.355 Thread 0x00007fbdf75bd000 Exception <a 'java/lang/InterruptedException': sleep interrupted> (0x0000000771232178) thrown at [/jenkins/workspace/8-2-build-macosx-x86_64/jdk8u271/605/hotspot/src/share/vm/prims/jvm.cpp, line 3346]
Event: 121.987 Thread 0x00007fbdfe172800 Exception <a 'java/io/FileNotFoundException'> (0x00000007710d3760) thrown at [/jenkins/workspace/8-2-build-macosx-x86_64/jdk8u271/605/hotspot/src/share/vm/prims/jni.cpp, line 710]

Events (10 events):
Event: 121.717 Thread 0x00007fbdf7008800 flushing nmethod 0x000000011be36990
Event: 121.730 Thread 0x00007fbdf0066000 flushing nmethod 0x000000011c330610
Event: 121.731 Thread 0x00007fbdf0066000 flushing nmethod 0x000000011c3fded0
Event: 121.923 Executing VM operation: BulkRevokeBias
Event: 121.923 Executing VM operation: BulkRevokeBias done
Event: 121.930 Executing VM operation: BulkRevokeBias
Event: 121.930 Executing VM operation: BulkRevokeBias done
Event: 121.997 Thread 0x00007fbdfe172800 Uncommon trap: trap_request=0xffffff65 fr.pc=0x000000011b0c3ac0
Event: 121.997 Thread 0x00007fbdfe172800 DEOPT PACKING pc=0x000000011b0c3ac0 sp=0x0000700004c302e0
Event: 121.997 Thread 0x00007fbdfe172800 DEOPT UNPACKING pc=0x000000011add773a sp=0x0000700004c30250 mode 2


Dynamic libraries:
0x00007fff30915000 	/System/Library/Frameworks/Cocoa.framework/Versions/A/Cocoa
0x00007fff3e10e000 	/System/Library/Frameworks/Security.framework/Versions/A/Security
0x00007fff2f87a000 	/System/Library/Frameworks/ApplicationServices.framework/Versions/A/ApplicationServices
0x00007fff6ac32000 	/usr/lib/libz.1.dylib
0x00007fff686f6000 	/usr/lib/libSystem.B.dylib
0x00007fff317b7000 	/System/Library/Frameworks/CoreFoundation.framework/Versions/A/CoreFoundation
0x00007fff33e74000 	/System/Library/Frameworks/Foundation.framework/Versions/C/Foundation
0x00007fff6a556000 	/usr/lib/libobjc.A.dylib
0x00007fff2ea6a000 	/System/Library/Frameworks/AppKit.framework/Versions/C/AppKit
0x00007fff31299000 	/System/Library/Frameworks/CoreData.framework/Versions/A/CoreData
0x00007fff6270b000 	/System/Library/PrivateFrameworks/UIFoundation.framework/Versions/A/UIFoundation
0x00007fff5d79f000 	/System/Library/PrivateFrameworks/RemoteViewServices.framework/Versions/A/RemoteViewServices
0x00007fff65266000 	/System/Library/PrivateFrameworks/XCTTargetBootstrap.framework/Versions/A/XCTTargetBootstrap
0x00007fff31684000 	/System/Library/Frameworks/CoreDisplay.framework/Versions/A/CoreDisplay
0x00007fff36d2f000 	/System/Library/Frameworks/Metal.framework/Versions/A/Metal
0x00007fff4b7a2000 	/System/Library/PrivateFrameworks/DesktopServicesPriv.framework/Versions/A/DesktopServicesPriv
0x00007fff69831000 	/usr/lib/liblangid.dylib
0x00007fff4aa37000 	/System/Library/PrivateFrameworks/CoreSVG.framework/Versions/A/CoreSVG
0x00007fff608fb000 	/System/Library/PrivateFrameworks/SkyLight.framework/Versions/A/SkyLight
0x00007fff31c38000 	/System/Library/Frameworks/CoreGraphics.framework/Versions/A/CoreGraphics
0x00007fff2d43e000 	/System/Library/Frameworks/Accelerate.framework/Versions/A/Accelerate
0x00007fff6ab23000 	/usr/lib/libxml2.2.dylib
0x00007fff5672a000 	/System/Library/PrivateFrameworks/IconServices.framework/Versions/A/IconServices
0x00007fff34653000 	/System/Library/Frameworks/IOSurface.framework/Versions/A/IOSurface
0x00007fff68220000 	/usr/lib/libDiagnosticMessagesClient.dylib
0x00007fff4b5fc000 	/System/Library/PrivateFrameworks/DFRFoundation.framework/Versions/A/DFRFoundation
0x00007fff695c0000 	/usr/lib/libicucore.A.dylib
0x00007fff2fbac000 	/System/Library/Frameworks/AudioToolbox.framework/Versions/A/AudioToolbox
0x00007fff2fc8f000 	/System/Library/Frameworks/AudioUnit.framework/Versions/A/AudioUnit
0x00007fff688f8000 	/usr/lib/libauto.dylib
0x00007fff4b69e000 	/System/Library/PrivateFrameworks/DataDetectorsCore.framework/Versions/A/DataDetectorsCore
0x00007fff30436000 	/System/Library/Frameworks/Carbon.framework/Versions/A/Frameworks/HIToolbox.framework/Versions/A/HIToolbox
0x00007fff3d308000 	/System/Library/Frameworks/QuartzCore.framework/Versions/A/QuartzCore
0x00007fff30775000 	/System/Library/Frameworks/Carbon.framework/Versions/A/Frameworks/SpeechRecognition.framework/Versions/A/SpeechRecognition
0x00007fff4b110000 	/System/Library/PrivateFrameworks/CoreUI.framework/Versions/A/CoreUI
0x00007fff30d04000 	/System/Library/Frameworks/CoreAudio.framework/Versions/A/CoreAudio
0x00007fff33b33000 	/System/Library/Frameworks/DiskArbitration.framework/Versions/A/DiskArbitration
0x00007fff5877a000 	/System/Library/PrivateFrameworks/MultitouchSupport.framework/Versions/A/MultitouchSupport
0x00007fff69487000 	/usr/lib/libenergytrace.dylib
0x00007fff345ad000 	/System/Library/Frameworks/IOKit.framework/Versions/A/IOKit
0x00007fff32b9f000 	/System/Library/Frameworks/CoreServices.framework/Versions/A/CoreServices
0x00007fff5a932000 	/System/Library/PrivateFrameworks/PerformanceAnalysis.framework/Versions/A/PerformanceAnalysis
0x00007fff3c33b000 	/System/Library/Frameworks/OpenGL.framework/Versions/A/OpenGL
0x00007fff30923000 	/System/Library/Frameworks/ColorSync.framework/Versions/A/ColorSync
0x00007fff322bb000 	/System/Library/Frameworks/CoreImage.framework/Versions/A/CoreImage
0x00007fff33612000 	/System/Library/Frameworks/CoreText.framework/Versions/A/CoreText
0x00007fff346e3000 	/System/Library/Frameworks/ImageIO.framework/Versions/A/ImageIO
0x00007fff689dc000 	/usr/lib/libc++.1.dylib
0x00007fff68a58000 	/usr/lib/libcompression.dylib
0x00007fff68564000 	/usr/lib/libMobileGestalt.dylib
0x00007fff62475000 	/System/Library/PrivateFrameworks/TextureIO.framework/Versions/A/TextureIO
0x00007fff6885b000 	/usr/lib/libate.dylib
0x00007fff56933000 	/System/Library/PrivateFrameworks/InternationalSupport.framework/Versions/A/InternationalSupport
0x00007fff6b4f3000 	/usr/lib/system/libcache.dylib
0x00007fff6b4f9000 	/usr/lib/system/libcommonCrypto.dylib
0x00007fff6b505000 	/usr/lib/system/libcompiler_rt.dylib
0x00007fff6b50d000 	/usr/lib/system/libcopyfile.dylib
0x00007fff6b517000 	/usr/lib/system/libcorecrypto.dylib
0x00007fff6b6b6000 	/usr/lib/system/libdispatch.dylib
0x00007fff6b6f7000 	/usr/lib/system/libdyld.dylib
0x00007fff6b72e000 	/usr/lib/system/libkeymgr.dylib
0x00007fff6b73c000 	/usr/lib/system/liblaunch.dylib
0x00007fff6b73d000 	/usr/lib/system/libmacho.dylib
0x00007fff6b743000 	/usr/lib/system/libquarantine.dylib
0x00007fff6b746000 	/usr/lib/system/libremovefile.dylib
0x00007fff6b748000 	/usr/lib/system/libsystem_asl.dylib
0x00007fff6b760000 	/usr/lib/system/libsystem_blocks.dylib
0x00007fff6b761000 	/usr/lib/system/libsystem_c.dylib
0x00007fff6b7e9000 	/usr/lib/system/libsystem_configuration.dylib
0x00007fff6b7ed000 	/usr/lib/system/libsystem_coreservices.dylib
0x00007fff6b7f1000 	/usr/lib/system/libsystem_darwin.dylib
0x00007fff6b7fa000 	/usr/lib/system/libsystem_dnssd.dylib
0x00007fff6b802000 	/usr/lib/system/libsystem_featureflags.dylib
0x00007fff6b804000 	/usr/lib/system/libsystem_info.dylib
0x00007fff6b87f000 	/usr/lib/system/libsystem_m.dylib
0x00007fff6b8c7000 	/usr/lib/system/libsystem_malloc.dylib
0x00007fff6b8ef000 	/usr/lib/system/libsystem_networkextension.dylib
0x00007fff6b8fd000 	/usr/lib/system/libsystem_notify.dylib
0x00007fff6b91b000 	/usr/lib/system/libsystem_sandbox.dylib
0x00007fff6b920000 	/usr/lib/system/libsystem_secinit.dylib
0x00007fff6b852000 	/usr/lib/system/libsystem_kernel.dylib
0x00007fff6b907000 	/usr/lib/system/libsystem_platform.dylib
0x00007fff6b910000 	/usr/lib/system/libsystem_pthread.dylib
0x00007fff6b923000 	/usr/lib/system/libsystem_symptoms.dylib
0x00007fff6b92b000 	/usr/lib/system/libsystem_trace.dylib
0x00007fff6b943000 	/usr/lib/system/libunwind.dylib
0x00007fff6b949000 	/usr/lib/system/libxpc.dylib
0x00007fff68a2f000 	/usr/lib/libc++abi.dylib
0x00007fff69833000 	/usr/lib/liblzma.5.dylib
0x00007fff694ae000 	/usr/lib/libfakelink.dylib
0x00007fff687e8000 	/usr/lib/libarchive.2.dylib
0x00007fff3f1bf000 	/System/Library/Frameworks/SystemConfiguration.framework/Versions/A/SystemConfiguration
0x00007fff68153000 	/usr/lib/libCRFSuite.dylib
0x00007fff30026000 	/System/Library/Frameworks/CFNetwork.framework/Versions/A/CFNetwork
0x00007fff689be000 	/usr/lib/libbsm.0.dylib
0x00007fff6b72f000 	/usr/lib/system/libkxld.dylib
0x00007fff44f79000 	/System/Library/PrivateFrameworks/AppleFSCompression.framework/Versions/A/AppleFSCompression
0x00007fff68d49000 	/usr/lib/libcoretls.dylib
0x00007fff68d60000 	/usr/lib/libcoretls_cfhelpers.dylib
0x00007fff6a59c000 	/usr/lib/libpam.2.dylib
0x00007fff6a6d1000 	/usr/lib/libsqlite3.dylib
0x00007fff6ab10000 	/usr/lib/libxar.1.dylib
0x00007fff689cf000 	/usr/lib/libbz2.1.0.dylib
0x00007fff694cf000 	/usr/lib/libiconv.2.dylib
0x00007fff68a45000 	/usr/lib/libcharset.1.dylib
0x00007fff6a039000 	/usr/lib/libnetwork.dylib
0x00007fff6a5a3000 	/usr/lib/libpcap.A.dylib
0x00007fff6879d000 	/usr/lib/libapple_nghttp2.dylib
0x00007fff32f56000 	/System/Library/Frameworks/CoreServices.framework/Versions/A/Frameworks/FSEvents.framework/Versions/A/FSEvents
0x00007fff32c26000 	/System/Library/Frameworks/CoreServices.framework/Versions/A/Frameworks/CarbonCore.framework/Versions/A/CarbonCore
0x00007fff3319a000 	/System/Library/Frameworks/CoreServices.framework/Versions/A/Frameworks/Metadata.framework/Versions/A/Metadata
0x00007fff33233000 	/System/Library/Frameworks/CoreServices.framework/Versions/A/Frameworks/OSServices.framework/Versions/A/OSServices
0x00007fff33261000 	/System/Library/Frameworks/CoreServices.framework/Versions/A/Frameworks/SearchKit.framework/Versions/A/SearchKit
0x00007fff32ba0000 	/System/Library/Frameworks/CoreServices.framework/Versions/A/Frameworks/AE.framework/Versions/A/AE
0x00007fff32f5f000 	/System/Library/Frameworks/CoreServices.framework/Versions/A/Frameworks/LaunchServices.framework/Versions/A/LaunchServices
0x00007fff32f08000 	/System/Library/Frameworks/CoreServices.framework/Versions/A/Frameworks/DictionaryServices.framework/Versions/A/DictionaryServices
0x00007fff332c9000 	/System/Library/Frameworks/CoreServices.framework/Versions/A/Frameworks/SharedFileList.framework/Versions/A/SharedFileList
0x00007fff3815a000 	/System/Library/Frameworks/NetFS.framework/Versions/A/NetFS
0x00007fff58caa000 	/System/Library/PrivateFrameworks/NetAuth.framework/Versions/A/NetAuth
0x00007fff65633000 	/System/Library/PrivateFrameworks/login.framework/Versions/A/Frameworks/loginsupport.framework/Versions/A/loginsupport
0x00007fff61f40000 	/System/Library/PrivateFrameworks/TCC.framework/Versions/A/TCC
0x00007fff49baa000 	/System/Library/PrivateFrameworks/CoreNLP.framework/Versions/A/CoreNLP
0x00007fff581a7000 	/System/Library/PrivateFrameworks/MetadataUtilities.framework/Versions/A/MetadataUtilities
0x00007fff6990b000 	/usr/lib/libmecabra.dylib
0x00007fff69863000 	/usr/lib/libmecab.dylib
0x00007fff694bf000 	/usr/lib/libgermantok.dylib
0x00007fff68784000 	/usr/lib/libThaiTokenizer.dylib
0x00007fff6818a000 	/usr/lib/libChineseTokenizer.dylib
0x00007fff2d456000 	/System/Library/Frameworks/Accelerate.framework/Versions/A/Frameworks/vImage.framework/Versions/A/vImage
0x00007fff2e8c0000 	/System/Library/Frameworks/Accelerate.framework/Versions/A/Frameworks/vecLib.framework/Versions/A/vecLib
0x00007fff2e7fd000 	/System/Library/Frameworks/Accelerate.framework/Versions/A/Frameworks/vecLib.framework/Versions/A/libvMisc.dylib
0x00007fff2e625000 	/System/Library/Frameworks/Accelerate.framework/Versions/A/Frameworks/vecLib.framework/Versions/A/libvDSP.dylib
0x00007fff2daad000 	/System/Library/Frameworks/Accelerate.framework/Versions/A/Frameworks/vecLib.framework/Versions/A/libBLAS.dylib
0x00007fff2e1e9000 	/System/Library/Frameworks/Accelerate.framework/Versions/A/Frameworks/vecLib.framework/Versions/A/libLAPACK.dylib
0x00007fff2e585000 	/System/Library/Frameworks/Accelerate.framework/Versions/A/Frameworks/vecLib.framework/Versions/A/libLinearAlgebra.dylib
0x00007fff2e612000 	/System/Library/Frameworks/Accelerate.framework/Versions/A/Frameworks/vecLib.framework/Versions/A/libSparseBLAS.dylib
0x00007fff2e59b000 	/System/Library/Frameworks/Accelerate.framework/Versions/A/Frameworks/vecLib.framework/Versions/A/libQuadrature.dylib
0x00007fff2dd15000 	/System/Library/Frameworks/Accelerate.framework/Versions/A/Frameworks/vecLib.framework/Versions/A/libBNNS.dylib
0x00007fff2e5a1000 	/System/Library/Frameworks/Accelerate.framework/Versions/A/Frameworks/vecLib.framework/Versions/A/libSparse.dylib
0x00007fff56d1b000 	/System/Library/PrivateFrameworks/LanguageModeling.framework/Versions/A/LanguageModeling
0x00007fff4955a000 	/System/Library/PrivateFrameworks/CoreEmoji.framework/Versions/A/CoreEmoji
0x00007fff56e39000 	/System/Library/PrivateFrameworks/LinguisticData.framework/Versions/A/LinguisticData
0x00007fff56dea000 	/System/Library/PrivateFrameworks/Lexicon.framework/Versions/A/Lexicon
0x00007fff68a46000 	/usr/lib/libcmph.dylib
0x00007fff3ad49000 	/System/Library/Frameworks/OpenDirectory.framework/Versions/A/Frameworks/CFOpenDirectory.framework/Versions/A/CFOpenDirectory
0x00007fff3ad66000 	/System/Library/Frameworks/OpenDirectory.framework/Versions/A/OpenDirectory
0x00007fff431a9000 	/System/Library/PrivateFrameworks/APFS.framework/Versions/A/APFS
0x00007fff3e458000 	/System/Library/Frameworks/SecurityFoundation.framework/Versions/A/SecurityFoundation
0x00007fff6ab0c000 	/usr/lib/libutil.dylib
0x00007fff4aa8f000 	/System/Library/PrivateFrameworks/CoreServicesStore.framework/Versions/A/CoreServicesStore
0x00007fff3e50f000 	/System/Library/Frameworks/ServiceManagement.framework/Versions/A/ServiceManagement
0x00007fff46749000 	/System/Library/PrivateFrameworks/BackgroundTaskManagement.framework/Versions/A/BackgroundTaskManagement
0x00007fff6ac09000 	/usr/lib/libxslt.1.dylib
0x00007fff455ec000 	/System/Library/PrivateFrameworks/AppleSystemInfo.framework/Versions/A/AppleSystemInfo
0x00007fff348fe000 	/System/Library/Frameworks/ImageIO.framework/Versions/A/Resources/libJPEG.dylib
0x00007fff34bbd000 	/System/Library/Frameworks/ImageIO.framework/Versions/A/Resources/libTIFF.dylib
0x00007fff34ba0000 	/System/Library/Frameworks/ImageIO.framework/Versions/A/Resources/libPng.dylib
0x00007fff34840000 	/System/Library/Frameworks/ImageIO.framework/Versions/A/Resources/libGIF.dylib
0x00007fff34844000 	/System/Library/Frameworks/ImageIO.framework/Versions/A/Resources/libJP2.dylib
0x00007fff34bbb000 	/System/Library/Frameworks/ImageIO.framework/Versions/A/Resources/libRadiance.dylib
0x00007fff69488000 	/usr/lib/libexpat.1.dylib
0x00007fff450d4000 	/System/Library/PrivateFrameworks/AppleJPEG.framework/Versions/A/AppleJPEG
0x00007fff4dd8f000 	/System/Library/PrivateFrameworks/FontServices.framework/libFontParser.dylib
0x00007fff64635000 	/System/Library/PrivateFrameworks/WatchdogClient.framework/Versions/A/WatchdogClient
0x00007fff56376000 	/System/Library/PrivateFrameworks/IOAccelerator.framework/Versions/A/IOAccelerator
0x00007fff370ca000 	/System/Library/Frameworks/MetalPerformanceShaders.framework/Versions/A/MetalPerformanceShaders
0x00007fff52b0c000 	/System/Library/PrivateFrameworks/GPUWrangler.framework/Versions/A/GPUWrangler
0x00007fff5638b000 	/System/Library/PrivateFrameworks/IOPresentment.framework/Versions/A/IOPresentment
0x00007fff4b60f000 	/System/Library/PrivateFrameworks/DSExternalDisplay.framework/Versions/A/DSExternalDisplay
0x00007fff3b6da000 	/System/Library/Frameworks/OpenGL.framework/Versions/A/Libraries/libCoreFSCache.dylib
0x00007fff36e16000 	/System/Library/Frameworks/MetalPerformanceShaders.framework/Frameworks/MPSCore.framework/Versions/A/MPSCore
0x00007fff36e54000 	/System/Library/Frameworks/MetalPerformanceShaders.framework/Frameworks/MPSImage.framework/Versions/A/MPSImage
0x00007fff36f1b000 	/System/Library/Frameworks/MetalPerformanceShaders.framework/Frameworks/MPSNeuralNetwork.framework/Versions/A/MPSNeuralNetwork
0x00007fff36edf000 	/System/Library/Frameworks/MetalPerformanceShaders.framework/Frameworks/MPSMatrix.framework/Versions/A/MPSMatrix
0x00007fff3707a000 	/System/Library/Frameworks/MetalPerformanceShaders.framework/Frameworks/MPSRayIntersector.framework/Versions/A/MPSRayIntersector
0x00007fff36f05000 	/System/Library/Frameworks/MetalPerformanceShaders.framework/Frameworks/MPSNDArray.framework/Versions/A/MPSNDArray
0x00007fff581f4000 	/System/Library/PrivateFrameworks/MetalTools.framework/Versions/A/MetalTools
0x00007fff44383000 	/System/Library/PrivateFrameworks/AggregateDictionary.framework/Versions/A/AggregateDictionary
0x00007fff48fa2000 	/System/Library/PrivateFrameworks/CoreAnalytics.framework/Versions/A/CoreAnalytics
0x00007fff4550b000 	/System/Library/PrivateFrameworks/AppleSauce.framework/Versions/A/AppleSauce
0x00007fff68446000 	/usr/lib/libIOReport.dylib
0x00007fff337ca000 	/System/Library/Frameworks/CoreVideo.framework/Versions/A/CoreVideo
0x00007fff53f85000 	/System/Library/PrivateFrameworks/GraphVisualizer.framework/Versions/A/GraphVisualizer
0x00007fff4d2d5000 	/System/Library/PrivateFrameworks/FaceCore.framework/Versions/A/FaceCore
0x00007fff3acf0000 	/System/Library/Frameworks/OpenCL.framework/Versions/A/OpenCL
0x00007fff68268000 	/usr/lib/libFosl_dynamic.dylib
0x00007fff596ca000 	/System/Library/PrivateFrameworks/OTSVG.framework/Versions/A/OTSVG
0x00007fff2f97f000 	/System/Library/Frameworks/ApplicationServices.framework/Versions/A/Frameworks/ATS.framework/Versions/A/Resources/libFontRegistry.dylib
0x00007fff4df60000 	/System/Library/PrivateFrameworks/FontServices.framework/libhvf.dylib
0x00007fff3b6e5000 	/System/Library/Frameworks/OpenGL.framework/Versions/A/Libraries/libGFXShared.dylib
0x00007fff3b8c3000 	/System/Library/Frameworks/OpenGL.framework/Versions/A/Libraries/libGLU.dylib
0x00007fff3b6ee000 	/System/Library/Frameworks/OpenGL.framework/Versions/A/Libraries/libGL.dylib
0x00007fff3b6f9000 	/System/Library/Frameworks/OpenGL.framework/Versions/A/Libraries/libGLImage.dylib
0x00007fff3b6d7000 	/System/Library/Frameworks/OpenGL.framework/Versions/A/Libraries/libCVMSPluginSupport.dylib
0x00007fff3b6e0000 	/System/Library/Frameworks/OpenGL.framework/Versions/A/Libraries/libCoreVMClient.dylib
0x00007fff69eda000 	/usr/lib/libncurses.5.4.dylib
0x00007fff2f87b000 	/System/Library/Frameworks/ApplicationServices.framework/Versions/A/Frameworks/ATS.framework/Versions/A/ATS
0x00007fff2fa48000 	/System/Library/Frameworks/ApplicationServices.framework/Versions/A/Frameworks/ColorSyncLegacy.framework/Versions/A/ColorSyncLegacy
0x00007fff2fae6000 	/System/Library/Frameworks/ApplicationServices.framework/Versions/A/Frameworks/HIServices.framework/Versions/A/HIServices
0x00007fff2fb3e000 	/System/Library/Frameworks/ApplicationServices.framework/Versions/A/Frameworks/LangAnalysis.framework/Versions/A/LangAnalysis
0x00007fff2fb4d000 	/System/Library/Frameworks/ApplicationServices.framework/Versions/A/Frameworks/PrintCore.framework/Versions/A/PrintCore
0x00007fff2fb93000 	/System/Library/Frameworks/ApplicationServices.framework/Versions/A/Frameworks/QD.framework/Versions/A/QD
0x00007fff2fb9e000 	/System/Library/Frameworks/ApplicationServices.framework/Versions/A/Frameworks/SpeechSynthesis.framework/Versions/A/SpeechSynthesis
0x00007fff2fa18000 	/System/Library/Frameworks/ApplicationServices.framework/Versions/A/Frameworks/ATSUI.framework/Versions/A/ATSUI
0x00007fff6931e000 	/usr/lib/libcups.2.dylib
0x00007fff36165000 	/System/Library/Frameworks/Kerberos.framework/Versions/A/Kerberos
0x00007fff342a6000 	/System/Library/Frameworks/GSS.framework/Versions/A/GSS
0x00007fff6a65d000 	/usr/lib/libresolv.9.dylib
0x00007fff54132000 	/System/Library/PrivateFrameworks/Heimdal.framework/Versions/A/Heimdal
0x00007fff36178000 	/System/Library/Frameworks/Kerberos.framework/Versions/A/Libraries/libHeimdalProxy.dylib
0x00007fff694c5000 	/usr/lib/libheimdal-asn1.dylib
0x00007fff4843a000 	/System/Library/PrivateFrameworks/CommonAuth.framework/Versions/A/CommonAuth
0x00007fff45689000 	/System/Library/PrivateFrameworks/AssertionServices.framework/Versions/A/AssertionServices
0x00007fff4622c000 	/System/Library/PrivateFrameworks/AudioToolboxCore.framework/Versions/A/AudioToolboxCore
0x00007fff652e3000 	/System/Library/PrivateFrameworks/caulk.framework/Versions/A/caulk
0x00007fff467f5000 	/System/Library/PrivateFrameworks/BaseBoard.framework/Versions/A/BaseBoard
0x00007fff5d92d000 	/System/Library/PrivateFrameworks/RunningBoardServices.framework/Versions/A/RunningBoardServices
0x00007fff5a93e000 	/System/Library/PrivateFrameworks/PersistentConnection.framework/Versions/A/PersistentConnection
0x00007fff5d326000 	/System/Library/PrivateFrameworks/ProtocolBuffer.framework/Versions/A/ProtocolBuffer
0x00007fff4845e000 	/System/Library/PrivateFrameworks/CommonUtilities.framework/Versions/A/CommonUtilities
0x00007fff46983000 	/System/Library/PrivateFrameworks/Bom.framework/Versions/A/Bom
0x00007fff68119000 	/usr/lib/libAudioToolboxUtility.dylib
0x00007fff46753000 	/System/Library/PrivateFrameworks/Backup.framework/Versions/A/Backup
0x00007fff4b530000 	/System/Library/PrivateFrameworks/CrashReporterSupport.framework/Versions/A/CrashReporterSupport
0x00007fff5f3bf000 	/System/Library/PrivateFrameworks/Sharing.framework/Versions/A/Sharing
0x00007fff44c97000 	/System/Library/PrivateFrameworks/Apple80211.framework/Versions/A/Apple80211
0x00007fff46470000 	/System/Library/PrivateFrameworks/AuthKit.framework/Versions/A/AuthKit
0x00007fff4b23d000 	/System/Library/PrivateFrameworks/CoreUtils.framework/Versions/A/CoreUtils
0x00007fff3380f000 	/System/Library/Frameworks/CoreWLAN.framework/Versions/A/CoreWLAN
0x00007fff34433000 	/System/Library/Frameworks/IOBluetooth.framework/Versions/A/IOBluetooth
0x00007fff584f9000 	/System/Library/PrivateFrameworks/MobileKeyBag.framework/Versions/A/MobileKeyBag
0x00007fff4a042000 	/System/Library/PrivateFrameworks/CorePhoneNumbers.framework/Versions/A/CorePhoneNumbers
0x00007fff45087000 	/System/Library/PrivateFrameworks/AppleIDAuthSupport.framework/Versions/A/AppleIDAuthSupport
0x00007fff38167000 	/System/Library/Frameworks/Network.framework/Versions/A/Network
0x00007fff56bc7000 	/System/Library/PrivateFrameworks/KeychainCircle.framework/Versions/A/KeychainCircle
0x00007fff31260000 	/System/Library/Frameworks/CoreBluetooth.framework/Versions/A/CoreBluetooth
0x00007fff6143e000 	/System/Library/PrivateFrameworks/SpeechRecognitionCore.framework/Versions/A/SpeechRecognitionCore
0x000000010f000000 	/Library/Java/JavaVirtualMachines/jdk1.8.0_271.jdk/Contents/Home/jre/lib/server/libjvm.dylib
0x000000010ce36000 	/Library/Java/JavaVirtualMachines/jdk1.8.0_271.jdk/Contents/Home/jre/lib/libverify.dylib
0x000000010ce47000 	/Library/Java/JavaVirtualMachines/jdk1.8.0_271.jdk/Contents/Home/jre/lib/libjava.dylib
0x000000010cec4000 	/Library/Java/JavaVirtualMachines/jdk1.8.0_271.jdk/Contents/Home/jre/lib/libzip.dylib
0x000000011a5ee000 	/Library/Java/JavaVirtualMachines/jdk1.8.0_271.jdk/Contents/Home/jre/lib/libmanagement.dylib
0x000000011a814000 	/Library/Java/JavaVirtualMachines/jdk1.8.0_271.jdk/Contents/Home/jre/lib/libsunec.dylib
0x000000011a83d000 	/Library/Java/JavaVirtualMachines/jdk1.8.0_271.jdk/Contents/Home/jre/lib/libnet.dylib
0x000000011aa72000 	/Library/Java/JavaVirtualMachines/jdk1.8.0_271.jdk/Contents/Home/jre/lib/libnio.dylib
0x000000011ab4a000 	/private/var/folders/6t/l0np86c92ms1b4f9rv94wxp40000gp/T/libnetty_transport_native_kqueue_x86_647050101346459811227.dylib

VM Arguments:
jvm_args: -Dfile.encoding=US-ASCII -Duser.country=IN -Duser.language=en -Duser.variant 
java_command: net.corda.samples.client.Starter --server.port=50007 --config.rpc.host=localhost --config.rpc.port=10006 --config.rpc.username=user1 --config.rpc.password=test
java_class_path (initial): /Users/ashutoshmeher/Corda/snakenladder/client/build/classes/java/main:/Users/ashutoshmeher/Corda/snakenladder/client/build/resources/main:/Users/ashutoshmeher/.gradle/caches/modules-2/files-2.1/net.corda/corda-rpc/4.6/91ef6ef398e75492043fe4b703923a5657bd6082/corda-rpc-4.6.jar:/Users/ashutoshmeher/Corda/snakenladder/workflows/build/libs/workflows-0.1.jar:/Users/ashutoshmeher/Corda/snakenladder/contracts/build/libs/contracts-0.1.jar:/Users/ashutoshmeher/.gradle/caches/modules-2/files-2.1/net.corda/corda-node-api/4.6/4674ed633c2339c86efd5303e270ba78d6b46b1f/corda-node-api-4.6.jar:/Users/ashutoshmeher/Corda/snakenladder/oracle-flows/build/libs/oracle-flows-0.1.jar:/Users/ashutoshmeher/.gradle/caches/modules-2/files-2.1/net.corda/corda-jackson/4.6/527b75a1389fb84c0a003dfc77549e46b8ce1e23/corda-jackson-4.6.jar:/Users/ashutoshmeher/.gradle/caches/modules-2/files-2.1/net.corda/corda-serialization/4.6/8f99c0e70efeb741f3d3c1652dc91e5e0eadcf75/corda-serialization-4.6.jar:/Users/ashutoshmeher/Corda/snakenladder/oracle-service/build/libs/oracle-service-0.1.jar:/Users/ashutoshmeher/.gradle/caches/modules-2/files-2.1/net.corda/corda-core/4.6/6e76ec8df62eabe6a9518b62cc8a21d75f8fdabe/corda-core-4.6.jar:/Users/ashutoshmeher/.gradle/caches/modules-2/files-2.1/net.corda/corda/4.6/505cbc7386b4ec9f6aba262950cdfd4266c28b4d/corda-4.6.jar:/Users/ashutoshmeher/.gradle/caches/modules-2/files-2.1/org.springframework.boot/spring-boot-starter-websocket/2.0.2.RELEASE/92df00f5f6e0248bd57ed68f6124957737adf9f0/spring-boot-starter-websocket-2.0.2.RELEASE.jar:/Users/ashutoshmeher/.gradle/caches/modules-2/files-2.1/org.springframework.boot/spring-boot-devtools/2.0.2.RELEASE/ed2b1c877b0c00ef7f961bd118e420a49de3c970/spring-boot-devtools-2.0.2.RELEASE.jar:/Users/ashutoshmeher/.gradle/caches/modules-2/files-2.1/org.apache.logging.log4j/log4j-slf4j-impl/2.11.2/4d44e4edc4a7fb39f09b95b09f560a15976fa1ba/log4j-slf4j-impl-2.11.2.jar:/Users/ashutoshmeher/.gradle/caches/modules-2/file
Launcher Type: SUN_STANDARD

Environment Variables:
PATH=/usr/local/bin:/usr/bin:/bin:/usr/sbin:/sbin
SHELL=/bin/zsh

Signal Handlers:
SIGSEGV: [libjvm.dylib+0x5a0dcb], sa_mask[0]=11111111011111110111111111111111, sa_flags=SA_ONSTACK|SA_RESTART|SA_SIGINFO
SIGBUS: [libjvm.dylib+0x5a0dcb], sa_mask[0]=11111111011111110111111111111111, sa_flags=SA_RESTART|SA_SIGINFO
SIGFPE: [libjvm.dylib+0x491731], sa_mask[0]=11111111011111110111111111111111, sa_flags=SA_RESTART|SA_SIGINFO
SIGPIPE: [libjvm.dylib+0x491731], sa_mask[0]=11111111011111110111111111111111, sa_flags=SA_RESTART|SA_SIGINFO
SIGXFSZ: [libjvm.dylib+0x491731], sa_mask[0]=11111111011111110111111111111111, sa_flags=SA_RESTART|SA_SIGINFO
SIGILL: [libjvm.dylib+0x491731], sa_mask[0]=11111111011111110111111111111111, sa_flags=SA_RESTART|SA_SIGINFO
SIGUSR1: SIG_DFL, sa_mask[0]=00000000000000000000000000000000, sa_flags=SA_RESTART
SIGUSR2: [libjvm.dylib+0x49202a], sa_mask[0]=00100000000000000000000000000000, sa_flags=SA_RESTART|SA_SIGINFO
SIGHUP: [libjvm.dylib+0x490239], sa_mask[0]=11111111011111110111111111111111, sa_flags=SA_RESTART|SA_SIGINFO
SIGINT: [libjvm.dylib+0x490239], sa_mask[0]=11111111011111110111111111111111, sa_flags=SA_RESTART|SA_SIGINFO
SIGTERM: [libjvm.dylib+0x490239], sa_mask[0]=11111111011111110111111111111111, sa_flags=SA_RESTART|SA_SIGINFO
SIGQUIT: [libjvm.dylib+0x490239], sa_mask[0]=11111111011111110111111111111111, sa_flags=SA_RESTART|SA_SIGINFO


---------------  S Y S T E M  ---------------

OS:Bsduname:Darwin 19.6.0 Darwin Kernel Version 19.6.0: Mon Aug 31 22:12:52 PDT 2020; root:xnu-6153.141.2~1/RELEASE_X86_64 x86_64
rlimit: STACK 8192k, CORE 0k, NPROC 2784, NOFILE 10240, AS infinity
load average:2.87 2.84 2.91

CPU:total 16 (initial active 16) (8 cores per cpu, 2 threads per core) family 6 model 158 stepping 13, cmov, cx8, fxsr, mmx, sse, sse2, sse3, ssse3, sse4.1, sse4.2, popcnt, avx, avx2, aes, clmul, erms, 3dnowpref, lzcnt, ht, tsc, tscinvbit, bmi1, bmi2, adx

Memory: 4k page, physical 16777216k(215528k free)

/proc/meminfo:


vm_info: Java HotSpot(TM) 64-Bit Server VM (25.271-b09) for bsd-amd64 JRE (1.8.0_271-b09), built on Sep 16 2020 16:54:38 by "java_re" with gcc 4.2.1 Compatible Apple LLVM 10.0.0 (clang-1000.11.45.5)

time: Mon Dec  7 18:34:07 2020
timezone: IST
elapsed time: 122.094046 seconds (0d 0h 2m 2s)

